  Using bundled DotNet SDK version: 6.0.302
  Running UnrealBuildTool: dotnet "..\..\Engine\Binaries\DotNET\UnrealBuildTool\UnrealBuildTool.dll" ElementalEncountersEditor Win64 Development -Project="D:\UE 5 Release\Project\Elemental-Encounters\ElementalEncounters\ElementalEncounters.uproject" -WaitMutex -FromMsBuild
  Log file: C:\Users\arvin\AppData\Local\UnrealBuildTool\Log.txt
  Using 'git status' to determine working set for adaptive non-unity build (D:\UE 5 Release\Project\Elemental-Encounters).
  Invalidating makefile for ElementalEncountersEditor (working set of source files changed)
  Building ElementalEncountersEditor...
  Using Visual Studio 2022 14.34.31946 toolchain (D:\VisualStudio2022\VC\Tools\MSVC\14.34.31933) and Windows 10.0.22621.0 SDK (C:\Program Files (x86)\Windows Kits\10).
  [Upgrade]
  [Upgrade] Using backward-compatible include order. The latest version of UE has changed the order of includes, which may require code changes. The current setting is:
  [Upgrade]     IncludeOrderVersion = EngineIncludeOrderVersion.Unreal5_1
  [Upgrade] Suppress this message by setting 'IncludeOrderVersion = EngineIncludeOrderVersion.Unreal5_2;' in ElementalEncountersEditor.Target.cs.
  [Upgrade] Alternatively you can set this to 'EngineIncludeOrderVersion.Latest' to always use the latest include order. This will potentially cause compile errors when integrating new versions of the engine.
  [Upgrade]
  [Adaptive Build] Excluded from ElementalEncounters unity file: ElementalEncountersCharacter.cpp, GridManager.cpp
  Determining max actions to execute in parallel (8 physical cores, 16 logical cores)
    Executing up to 8 processes, one per physical core
    Requested 1.5 GB free memory per action, 6.06 GB available: limiting max parallel actions to 4
  Building 4 actions with 4 processes...
  [1/4] Compile [x64] GridManager.cpp
  [2/4] Link [x64] UnrealEditor-ElementalEncounters.lib
     Creating library D:\UE 5 Release\Project\Elemental-Encounters\ElementalEncounters\Intermediate\Build\Win64\x64\UnrealEditor\Development\ElementalEncounters\UnrealEditor-ElementalEncounters.lib and object D:\UE 5 Release\Project\Elemental-Encounters\ElementalEncounters\Intermediate\Build\Win64\x64\UnrealEditor\Development\ElementalEncounters\UnrealEditor-ElementalEncounters.exp
  [3/4] Link [x64] UnrealEditor-ElementalEncounters.dll
     Creating library D:\UE 5 Release\Project\Elemental-Encounters\ElementalEncounters\Intermediate\Build\Win64\x64\UnrealEditor\Development\ElementalEncounters\UnrealEditor-ElementalEncounters.suppressed.lib and object D:\UE 5 Release\Project\Elemental-Encounters\ElementalEncounters\Intermediate\Build\Win64\x64\UnrealEditor\Development\ElementalEncounters\UnrealEditor-ElementalEncounters.suppressed.exp
  [4/4] WriteMetadata ElementalEncountersEditor.target
  Total time in Parallel executor: 13.24 seconds
  Total execution time: 16.98 seconds
