[+] Containers:
 |- [+] Container: /Game/ThirdPerson/Maps/ThirdPersonMap
 |   |- [+] ActorDescs:
 |   |   |- Guid:06B9EBDD43A2C6041F3E7A84872EE847 BaseClass:/Game/ThirdPerson/Blueprints/Grid_BP.Grid_BP_C NativeClass:/Script/ElementalEncounters.Grid Name:Grid_BP_C_UAID_E0D55EB58B9FC8A101_2053929393 Label:Grid_BP16 SpatiallyLoaded:1 Bounds:IsValid=true, Min=(X=870.000 Y=870.000 Z=-0.000), Max=(X=1030.000 Y=1030.000 Z=240.000) RuntimeGrid:None EditorOnly:0 RuntimeOnly:0 HLODRelevant:0
 |   |   |- Guid:0F1DB1A14613EA747F24578CA8A3FA58 BaseClass:/Game/ThirdPerson/Blueprints/Grid_BP.Grid_BP_C NativeClass:/Script/ElementalEncounters.Grid Name:Grid_BP_C_UAID_E0D55EB58B9FC8A101_2058018405 Label:Grid_BP27 SpatiallyLoaded:1 Bounds:IsValid=true, Min=(X=670.000 Y=770.000 Z=-0.000), Max=(X=830.000 Y=930.000 Z=240.000) RuntimeGrid:None EditorOnly:0 RuntimeOnly:0 HLODRelevant:0
 |   |   |- Guid:174DF71143EA367D14F3838C26CC06DF BaseClass: NativeClass:/Script/Engine.SkyLight Name:SkyLight_0 Label:SkyLight SpatiallyLoaded:0 Bounds:IsValid=true, Min=(X=0.000 Y=0.000 Z=690.000), Max=(X=0.000 Y=0.000 Z=690.000) RuntimeGrid:None EditorOnly:0 RuntimeOnly:0 HLODRelevant:0 FolderPath:Lighting FolderGuid:08A10B054C95868C663DE39EE4343813
 |   |   |- Guid:1A804D5542674E89543C54B58C97F564 BaseClass:/Game/ThirdPerson/Blueprints/Grid_BP.Grid_BP_C NativeClass:/Script/ElementalEncounters.Grid Name:Grid_BP_C_UAID_E0D55EB58B9FC8A101_2053921391 Label:Grid_BP14 SpatiallyLoaded:1 Bounds:IsValid=true, Min=(X=870.000 Y=670.000 Z=-0.000), Max=(X=1030.000 Y=830.000 Z=240.000) RuntimeGrid:None EditorOnly:0 RuntimeOnly:0 HLODRelevant:0
 |   |   |- Guid:3C2DE770451A00675957B2AFDCFD7F8F BaseClass:/Game/ThirdPerson/Blueprints/Grid_BP.Grid_BP_C NativeClass:/Script/ElementalEncounters.Grid Name:Grid_BP_C_UAID_E0D55EB58B9FC8A101_2058030414 Label:Grid_BP36 SpatiallyLoaded:1 Bounds:IsValid=true, Min=(X=570.000 Y=1070.000 Z=-0.000), Max=(X=730.000 Y=1230.000 Z=240.000) RuntimeGrid:None EditorOnly:0 RuntimeOnly:0 HLODRelevant:0
 |   |   |- Guid:44EB8B6549FB07127C843F9A3D8EEBB4 BaseClass:/Game/ThirdPerson/Blueprints/Grid_BP.Grid_BP_C NativeClass:/Script/ElementalEncounters.Grid Name:Grid_BP_C_UAID_E0D55EB58B9FC8A101_2058025410 Label:Grid_BP32 SpatiallyLoaded:1 Bounds:IsValid=true, Min=(X=570.000 Y=670.000 Z=-0.000), Max=(X=730.000 Y=830.000 Z=240.000) RuntimeGrid:None EditorOnly:0 RuntimeOnly:0 HLODRelevant:0
 |   |   |- Guid:4797404245C733EAF508D6B3C7418D61 BaseClass:/Game/ThirdPerson/Blueprints/Grid_BP.Grid_BP_C NativeClass:/Script/ElementalEncounters.Grid Name:Grid_BP_C_UAID_E0D55EB58B9FC8A101_2053946397 Label:Grid_BP20 SpatiallyLoaded:1 Bounds:IsValid=true, Min=(X=770.000 Y=670.000 Z=-0.000), Max=(X=930.000 Y=830.000 Z=240.000) RuntimeGrid:None EditorOnly:0 RuntimeOnly:0 HLODRelevant:0
 |   |   |- Guid:4F7B735A44E12B4B031927A9FC21C460 BaseClass: NativeClass:/Script/Engine.VolumetricCloud Name:VolumetricCloud_1 Label:VolumetricCloud SpatiallyLoaded:0 Bounds:IsValid=true, Min=(X=0.000 Y=0.000 Z=820.000), Max=(X=0.000 Y=0.000 Z=820.000) RuntimeGrid:None EditorOnly:0 RuntimeOnly:0 HLODRelevant:0 FolderPath:Lighting FolderGuid:08A10B054C95868C663DE39EE4343813
 |   |   |- Guid:53847BDD409ACD456CAAFF95BFDA2C96 BaseClass:/Game/ThirdPerson/Blueprints/Grid_BP.Grid_BP_C NativeClass:/Script/ElementalEncounters.Grid Name:Grid_BP_C_UAID_E0D55EB58B9FC8A101_2053943395 Label:Grid_BP18 SpatiallyLoaded:1 Bounds:IsValid=true, Min=(X=870.000 Y=1070.000 Z=-0.000), Max=(X=1030.000 Y=1230.000 Z=240.000) RuntimeGrid:None EditorOnly:0 RuntimeOnly:0 HLODRelevant:0
 |   |   |- Guid:5C7C5C40408F48C386D06CA03AB130C2 BaseClass: NativeClass:/Script/Engine.StaticMeshActor Name:StaticMeshActor_UAID_A4AE111137DC5EFB00_1594956423 Label:SM_SkySphere SpatiallyLoaded:0 Bounds:IsValid=true, Min=(X=-1638400.000 Y=-1638400.000 Z=-1638400.000), Max=(X=1638400.000 Y=1638400.000 Z=1638400.000) RuntimeGrid:None EditorOnly:0 RuntimeOnly:0 HLODRelevant:1 FolderPath:Lighting FolderGuid:08A10B054C95868C663DE39EE4343813
 |   |   |- Guid:6003CCDF4978F4D350E648B8E8E0D017 BaseClass:/Game/ThirdPerson/Blueprints/Grid_BP.Grid_BP_C NativeClass:/Script/ElementalEncounters.Grid Name:Grid_BP_C_UAID_E0D55EB58B9FC8A101_2053922392 Label:Grid_BP15 SpatiallyLoaded:1 Bounds:IsValid=true, Min=(X=870.000 Y=770.000 Z=-0.000), Max=(X=1030.000 Y=930.000 Z=240.000) RuntimeGrid:None EditorOnly:0 RuntimeOnly:0 HLODRelevant:0
 |   |   |- Guid:643830254DC77CD0DD87BA900314E02A BaseClass:/Game/ThirdPerson/Blueprints/Grid_BP.Grid_BP_C NativeClass:/Script/ElementalEncounters.Grid Name:Grid_BP_C_UAID_E0D55EB58B9FC8A101_2058029413 Label:Grid_BP35 SpatiallyLoaded:1 Bounds:IsValid=true, Min=(X=570.000 Y=970.000 Z=-0.000), Max=(X=730.000 Y=1130.000 Z=240.000) RuntimeGrid:None EditorOnly:0 RuntimeOnly:0 HLODRelevant:0
 |   |   |- Guid:664A87DA48B6EE38C0ACEA9AEDBA4BA0 BaseClass: NativeClass:/Script/Engine.TextRenderActor Name:TextRenderActor_1 Label:TextRenderActor SpatiallyLoaded:1 Bounds:IsValid=true, Min=(X=-0.100 Y=1100.000 Z=65.013), Max=(X=-0.100 Y=2392.308 Z=215.013) RuntimeGrid:None EditorOnly:0 RuntimeOnly:0 HLODRelevant:0
 |   |   |- Guid:69D8E13D41E46D58CE2EEF99000F1C2F BaseClass:/Game/ThirdPerson/Blueprints/GridManager_BP.GridManager_BP_C NativeClass:/Script/ElementalEncounters.GridManager Name:GridManager_C_UAID_E0D55EB58B9FC3A101_1930241495 Label:GridManager SpatiallyLoaded:1 Bounds:IsValid=true, Min=(X=970.000 Y=1239.175 Z=0.000), Max=(X=970.000 Y=1740.825 Z=97.335) RuntimeGrid:None EditorOnly:0 RuntimeOnly:0 HLODRelevant:0
 |   |   |- Guid:6BB22B0347F2F700BB9ADCB1A653E535 BaseClass:/Game/ThirdPerson/Blueprints/Grid_BP.Grid_BP_C NativeClass:/Script/ElementalEncounters.Grid Name:Grid_BP_C_UAID_E0D55EB58B9FC8A101_2058024409 Label:Grid_BP31 SpatiallyLoaded:1 Bounds:IsValid=true, Min=(X=570.000 Y=570.000 Z=-0.000), Max=(X=730.000 Y=730.000 Z=240.000) RuntimeGrid:None EditorOnly:0 RuntimeOnly:0 HLODRelevant:0
 |   |   |- Guid:788903924598EC8109F9709A8AB41C0D BaseClass: NativeClass:/Script/Engine.WorldDataLayers Name:WorldDataLayers Label:WorldDataLayers-1 SpatiallyLoaded:0 Bounds:IsValid=true, Min=(X=0.000 Y=0.000 Z=0.000), Max=(X=0.000 Y=0.000 Z=0.000) RuntimeGrid:None EditorOnly:0 RuntimeOnly:0 HLODRelevant:0
 |   |   |- Guid:78A113F845576CA9D0CC5C9FFA1AEE56 BaseClass:/Game/ThirdPerson/Blueprints/Grid_BP.Grid_BP_C NativeClass:/Script/ElementalEncounters.Grid Name:Grid_BP_C_UAID_E0D55EB58B9FC8A101_2053931394 Label:Grid_BP17 SpatiallyLoaded:1 Bounds:IsValid=true, Min=(X=870.000 Y=970.000 Z=-0.000), Max=(X=1030.000 Y=1130.000 Z=240.000) RuntimeGrid:None EditorOnly:0 RuntimeOnly:0 HLODRelevant:0
 |   |   |- Guid:7AD629B54523948D021AEFB1CE98EC2B BaseClass: NativeClass:/Script/Engine.StaticMeshActor Name:StaticMeshActor_UAID_E0D55EB58B9FC8A101_2057994402 Label:SM_Cube15 SpatiallyLoaded:1 Bounds:IsValid=true, Min=(X=-400.000 Y=0.000 Z=-50.000), Max=(X=2600.000 Y=3500.000 Z=0.000) RuntimeGrid:None EditorOnly:0 RuntimeOnly:0 HLODRelevant:1 FolderPath:Playground FolderGuid:8CD33C9A4E75AD59B95486AC740693D6
 |   |   |- Guid:86AB9B9C43341D69FD3C0B844293110A BaseClass:/Game/ThirdPerson/Blueprints/Grid_BP.Grid_BP_C NativeClass:/Script/ElementalEncounters.Grid Name:Grid_BP_C_UAID_E0D55EB58B9FC8A101_2053956399 Label:Grid_BP22 SpatiallyLoaded:1 Bounds:IsValid=true, Min=(X=770.000 Y=870.000 Z=-0.000), Max=(X=930.000 Y=1030.000 Z=240.000) RuntimeGrid:None EditorOnly:0 RuntimeOnly:0 HLODRelevant:0
 |   |   |- Guid:87E8918D4B4CC1CAA1B85DB6922CE2FA BaseClass:/Game/ThirdPerson/Blueprints/Grid_BP.Grid_BP_C NativeClass:/Script/ElementalEncounters.Grid Name:Grid_BP_C_UAID_E0D55EB58B9FC8A101_2058019406 Label:Grid_BP28 SpatiallyLoaded:1 Bounds:IsValid=true, Min=(X=670.000 Y=870.000 Z=-0.000), Max=(X=830.000 Y=1030.000 Z=240.000) RuntimeGrid:None EditorOnly:0 RuntimeOnly:0 HLODRelevant:0
 |   |   |- Guid:90F5A752417379B7B01ED7B267BA302D BaseClass:/Game/ThirdPerson/Blueprints/Grid_BP.Grid_BP_C NativeClass:/Script/ElementalEncounters.Grid Name:Grid_BP_C_UAID_E0D55EB58B9FC8A101_2053920390 Label:Grid_BP13 SpatiallyLoaded:1 Bounds:IsValid=true, Min=(X=870.000 Y=570.000 Z=-0.000), Max=(X=1030.000 Y=730.000 Z=240.000) RuntimeGrid:None EditorOnly:0 RuntimeOnly:0 HLODRelevant:0
 |   |   |- Guid:966B580B496F54A3960888ADE1AC75B7 BaseClass:/Game/ThirdPerson/Blueprints/Grid_BP.Grid_BP_C NativeClass:/Script/ElementalEncounters.Grid Name:Grid_BP_C_UAID_E0D55EB58B9FC8A101_2058026411 Label:Grid_BP33 SpatiallyLoaded:1 Bounds:IsValid=true, Min=(X=570.000 Y=770.000 Z=-0.000), Max=(X=730.000 Y=930.000 Z=240.000) RuntimeGrid:None EditorOnly:0 RuntimeOnly:0 HLODRelevant:0
 |   |   |- Guid:9FFE6665469AE829D82050A8B1F67178 BaseClass: NativeClass:/Script/Engine.DirectionalLight Name:DirectionalLight_1 Label:DirectionalLight SpatiallyLoaded:0 Bounds:IsValid=true, Min=(X=-1048576.000 Y=-1048576.000 Z=-1048576.000), Max=(X=1048576.000 Y=1048576.000 Z=1048576.000) RuntimeGrid:None EditorOnly:0 RuntimeOnly:0 HLODRelevant:0 FolderPath:Lighting FolderGuid:08A10B054C95868C663DE39EE4343813
 |   |   |- Guid:A7FB847A4A1DACD12053998C0C82FF9C BaseClass: NativeClass:/Script/Engine.StaticMeshActor Name:StaticMeshActor_55 Label:SM_QuarterCylinder5 SpatiallyLoaded:1 Bounds:IsValid=true, Min=(X=300.000 Y=2800.000 Z=0.000), Max=(X=400.000 Y=2900.000 Z=200.000) RuntimeGrid:None EditorOnly:0 RuntimeOnly:0 HLODRelevant:1 FolderPath:Block03 FolderGuid:8CD3949449A9ED1D3F209CA69A64B60F
 |   |   |- Guid:A85A7AD046A0462D176E6889992C1216 BaseClass: NativeClass:/Script/Engine.PostProcessVolume Name:PostProcessVolume_0 Label:PostProcessVolume SpatiallyLoaded:0 Bounds:IsValid=true, Min=(X=0.000 Y=0.000 Z=400.000), Max=(X=200.000 Y=200.000 Z=600.000) RuntimeGrid:None EditorOnly:0 RuntimeOnly:0 HLODRelevant:0 FolderPath:Lighting FolderGuid:08A10B054C95868C663DE39EE4343813
 |   |   |- Guid:AD5A5FF54E83DFC69A9DC9839C909248 BaseClass:/Game/ThirdPerson/Blueprints/Grid_BP.Grid_BP_C NativeClass:/Script/ElementalEncounters.Grid Name:Grid_BP_C_UAID_E0D55EB58B9FC8A101_2053948398 Label:Grid_BP21 SpatiallyLoaded:1 Bounds:IsValid=true, Min=(X=770.000 Y=770.000 Z=-0.000), Max=(X=930.000 Y=930.000 Z=240.000) RuntimeGrid:None EditorOnly:0 RuntimeOnly:0 HLODRelevant:0
 |   |   |- Guid:B031BD6540BC7E94F1785B8D0C323AAE BaseClass:/Game/ThirdPerson/Blueprints/Grid_BP.Grid_BP_C NativeClass:/Script/ElementalEncounters.Grid Name:Grid_BP_C_UAID_E0D55EB58B9FC8A101_2053958400 Label:Grid_BP23 SpatiallyLoaded:1 Bounds:IsValid=true, Min=(X=770.000 Y=970.000 Z=-0.000), Max=(X=930.000 Y=1130.000 Z=240.000) RuntimeGrid:None EditorOnly:0 RuntimeOnly:0 HLODRelevant:0
 |   |   |- Guid:B23C247D4E34A96052E563A19E79FA75 BaseClass: NativeClass:/Script/Engine.ExponentialHeightFog Name:ExponentialHeightFog_1 Label:ExponentialHeightFog SpatiallyLoaded:0 Bounds:IsValid=true, Min=(X=-5600.000 Y=-50.000 Z=-6850.000), Max=(X=-5600.000 Y=-50.000 Z=-6850.000) RuntimeGrid:None EditorOnly:0 RuntimeOnly:0 HLODRelevant:0 FolderPath:Lighting FolderGuid:08A10B054C95868C663DE39EE4343813
 |   |   |- Guid:BD2D8AA44BD5DA0133A5B09382D1E7D6 BaseClass: NativeClass:/Script/Engine.StaticMeshActor Name:StaticMeshActor_UAID_E0D55EB58B9FC8A101_2053918389 Label:SM_Cube14 SpatiallyLoaded:1 Bounds:IsValid=true, Min=(X=-200.000 Y=0.000 Z=-50.000), Max=(X=2800.000 Y=3500.000 Z=0.000) RuntimeGrid:None EditorOnly:0 RuntimeOnly:0 HLODRelevant:1 FolderPath:Playground FolderGuid:8CD33C9A4E75AD59B95486AC740693D6
 |   |   |- Guid:BD430F5245E33ECC56F7628FBABC5D84 BaseClass: NativeClass:/Script/Engine.StaticMeshActor Name:StaticMeshActor_33 Label:SM_Cube SpatiallyLoaded:1 Bounds:IsValid=true, Min=(X=0.000 Y=0.000 Z=-50.000), Max=(X=3000.000 Y=3500.000 Z=0.000) RuntimeGrid:None EditorOnly:0 RuntimeOnly:0 HLODRelevant:1 FolderPath:Playground FolderGuid:8CD33C9A4E75AD59B95486AC740693D6
 |   |   |- Guid:C726A3284B806D4C379405885740B688 BaseClass: NativeClass:/Script/Engine.PlayerStart Name:PlayerStart_0 Label:PlayerStart SpatiallyLoaded:0 Bounds:IsValid=true, Min=(X=860.000 Y=1070.000 Z=0.013), Max=(X=940.000 Y=1150.000 Z=184.013) RuntimeGrid:None EditorOnly:0 RuntimeOnly:0 HLODRelevant:0
 |   |   |- Guid:C752FDB9451B0FA0675D4B9D3E8B12AB BaseClass: NativeClass:/Script/Engine.StaticMeshActor Name:StaticMeshActor_56 Label:SM_Cube13 SpatiallyLoaded:1 Bounds:IsValid=true, Min=(X=300.000 Y=2700.000 Z=0.000), Max=(X=400.000 Y=2800.000 Z=200.000) RuntimeGrid:None EditorOnly:0 RuntimeOnly:0 HLODRelevant:1 FolderPath:Block03 FolderGuid:8CD3949449A9ED1D3F209CA69A64B60F
 |   |   |- Guid:C768943D43B1D4FCC4C0F098EBF7CAC9 BaseClass: NativeClass:/Script/Engine.StaticMeshActor Name:StaticMeshActor_36 Label:SM_Cube2 SpatiallyLoaded:1 Bounds:IsValid=true, Min=(X=0.000 Y=0.000 Z=0.000), Max=(X=3000.000 Y=100.000 Z=400.000) RuntimeGrid:None EditorOnly:0 RuntimeOnly:0 HLODRelevant:1 FolderPath:Playground FolderGuid:8CD33C9A4E75AD59B95486AC740693D6
 |   |   |- Guid:D8E91C64490108618F2481BE11A60F83 BaseClass:/Game/ThirdPerson/Blueprints/Grid_BP.Grid_BP_C NativeClass:/Script/ElementalEncounters.Grid Name:Grid_BP_C_UAID_E0D55EB58B9FC8A101_2053959401 Label:Grid_BP24 SpatiallyLoaded:1 Bounds:IsValid=true, Min=(X=770.000 Y=1070.000 Z=-0.000), Max=(X=930.000 Y=1230.000 Z=240.000) RuntimeGrid:None EditorOnly:0 RuntimeOnly:0 HLODRelevant:0
 |   |   |- Guid:E70EFF4C46EEAF41194BC7B1DD5F6C8B BaseClass:/Game/ThirdPerson/Blueprints/Grid_BP.Grid_BP_C NativeClass:/Script/ElementalEncounters.Grid Name:Grid_BP_C_UAID_E0D55EB58B9FC7A101_1662580201 Label:Grid_BP2 SpatiallyLoaded:1 Bounds:IsValid=true, Min=(X=1070.000 Y=670.000 Z=-0.000), Max=(X=1230.000 Y=830.000 Z=240.000) RuntimeGrid:None EditorOnly:0 RuntimeOnly:0 HLODRelevant:0
 |   |   |- Guid:E7C88B004DFFF4BE08155AB223A0EF2C BaseClass: NativeClass:/Script/Engine.SkyAtmosphere Name:SkyAtmosphere_1 Label:SkyAtmosphere SpatiallyLoaded:0 Bounds:IsValid=true, Min=(X=0.000 Y=0.000 Z=1020.000), Max=(X=0.000 Y=0.000 Z=1020.000) RuntimeGrid:None EditorOnly:0 RuntimeOnly:0 HLODRelevant:0 FolderPath:Lighting FolderGuid:08A10B054C95868C663DE39EE4343813
 |   |   |- Guid:EA29B64846521BE6E9C7DDB6F5F53DB1 BaseClass:/Game/ThirdPerson/Blueprints/Grid_BP.Grid_BP_C NativeClass:/Script/ElementalEncounters.Grid Name:Grid_BP_C_UAID_E0D55EB58B9FC8A101_2058028412 Label:Grid_BP34 SpatiallyLoaded:1 Bounds:IsValid=true, Min=(X=570.000 Y=870.000 Z=-0.000), Max=(X=730.000 Y=1030.000 Z=240.000) RuntimeGrid:None EditorOnly:0 RuntimeOnly:0 HLODRelevant:0
 |   |   |- Guid:EBFD1F6742A033B85C8398807EB12B42 BaseClass:/Game/ThirdPerson/Blueprints/Grid_BP.Grid_BP_C NativeClass:/Script/ElementalEncounters.Grid Name:Grid_BP_C_UAID_E0D55EB58B9FC8A101_2058000404 Label:Grid_BP26 SpatiallyLoaded:1 Bounds:IsValid=true, Min=(X=670.000 Y=670.000 Z=-0.000), Max=(X=830.000 Y=830.000 Z=240.000) RuntimeGrid:None EditorOnly:0 RuntimeOnly:0 HLODRelevant:0
 |   |   |- Guid:ECF7DFF54DE28214A01D249B1B1CA773 BaseClass: NativeClass:/Script/Engine.StaticMeshActor Name:StaticMeshActor_42 Label:SM_Cube5 SpatiallyLoaded:1 Bounds:IsValid=true, Min=(X=-0.000 Y=100.000 Z=0.000), Max=(X=100.000 Y=3400.000 Z=400.000) RuntimeGrid:None EditorOnly:0 RuntimeOnly:0 HLODRelevant:1 FolderPath:Playground FolderGuid:8CD33C9A4E75AD59B95486AC740693D6
 |   |   |- Guid:EFD7EED34A4441B6A30884A4DA9980EF BaseClass:/Game/ThirdPerson/Blueprints/Grid_BP.Grid_BP_C NativeClass:/Script/ElementalEncounters.Grid Name:Grid_BP_C_UAID_E0D55EB58B9FC8A101_2057997403 Label:Grid_BP25 SpatiallyLoaded:1 Bounds:IsValid=true, Min=(X=670.000 Y=570.000 Z=-0.000), Max=(X=830.000 Y=730.000 Z=240.000) RuntimeGrid:None EditorOnly:0 RuntimeOnly:0 HLODRelevant:0
 |   |   |- Guid:F19F548C4DB0DF62BB6FFAACAD68A1FC BaseClass:/Game/ThirdPerson/Blueprints/Grid_BP.Grid_BP_C NativeClass:/Script/ElementalEncounters.Grid Name:Grid_BP_C_UAID_E0D55EB58B9FC8A101_2058021407 Label:Grid_BP29 SpatiallyLoaded:1 Bounds:IsValid=true, Min=(X=670.000 Y=970.000 Z=-0.000), Max=(X=830.000 Y=1130.000 Z=240.000) RuntimeGrid:None EditorOnly:0 RuntimeOnly:0 HLODRelevant:0
 |   |   |- Guid:F42D36664AC655BCC8368DAE8B8EBD8F BaseClass:/Game/ThirdPerson/Blueprints/Grid_BP.Grid_BP_C NativeClass:/Script/ElementalEncounters.Grid Name:Grid_BP_C_UAID_E0D55EB58B9FC8A101_2058022408 Label:Grid_BP30 SpatiallyLoaded:1 Bounds:IsValid=true, Min=(X=670.000 Y=1070.000 Z=-0.000), Max=(X=830.000 Y=1230.000 Z=240.000) RuntimeGrid:None EditorOnly:0 RuntimeOnly:0 HLODRelevant:0
 |   |   |- Guid:F6974391454BE3281D0A9AAB775EBFF6 BaseClass: NativeClass:/Script/Engine.StaticMeshActor Name:StaticMeshActor_43 Label:SM_Cube6 SpatiallyLoaded:1 Bounds:IsValid=true, Min=(X=2900.000 Y=100.000 Z=0.000), Max=(X=3000.000 Y=3400.000 Z=400.000) RuntimeGrid:None EditorOnly:0 RuntimeOnly:0 HLODRelevant:1 FolderPath:Playground FolderGuid:8CD33C9A4E75AD59B95486AC740693D6
 |   |   |- Guid:F9D7E0474360EF3F4B2678B7A2FB54CB BaseClass:/Game/ThirdPerson/Blueprints/Grid_BP.Grid_BP_C NativeClass:/Script/ElementalEncounters.Grid Name:Grid_BP_C_UAID_E0D55EB58B9FC8A101_2053945396 Label:Grid_BP19 SpatiallyLoaded:1 Bounds:IsValid=true, Min=(X=770.000 Y=570.000 Z=-0.000), Max=(X=930.000 Y=730.000 Z=240.000) RuntimeGrid:None EditorOnly:0 RuntimeOnly:0 HLODRelevant:0
 |   |   |- Guid:FC2659D1462E0C2787253D85D4D3D619 BaseClass: NativeClass:/Script/Engine.StaticMeshActor Name:StaticMeshActor_37 Label:SM_Cube3 SpatiallyLoaded:1 Bounds:IsValid=true, Min=(X=0.000 Y=3400.000 Z=0.000), Max=(X=3000.000 Y=3500.000 Z=400.000) RuntimeGrid:None EditorOnly:0 RuntimeOnly:0 HLODRelevant:1 FolderPath:Playground FolderGuid:8CD33C9A4E75AD59B95486AC740693D6
 |   |- [+] Clusters:
 |   |   |- [+] [  0]
 |   |   |   |- Guid:788903924598EC8109F9709A8AB41C0D BaseClass: NativeClass:/Script/Engine.WorldDataLayers Name:WorldDataLayers Label:WorldDataLayers-1 SpatiallyLoaded:0 Bounds:IsValid=true, Min=(X=0.000 Y=0.000 Z=0.000), Max=(X=0.000 Y=0.000 Z=0.000) RuntimeGrid:None EditorOnly:0 RuntimeOnly:0 HLODRelevant:0
 |   |   |- [+] [  1]
 |   |   |   |- Guid:A85A7AD046A0462D176E6889992C1216 BaseClass: NativeClass:/Script/Engine.PostProcessVolume Name:PostProcessVolume_0 Label:PostProcessVolume SpatiallyLoaded:0 Bounds:IsValid=true, Min=(X=0.000 Y=0.000 Z=400.000), Max=(X=200.000 Y=200.000 Z=600.000) RuntimeGrid:None EditorOnly:0 RuntimeOnly:0 HLODRelevant:0 FolderPath:Lighting FolderGuid:08A10B054C95868C663DE39EE4343813
 |   |   |- [+] [  2]
 |   |   |   |- Guid:9FFE6665469AE829D82050A8B1F67178 BaseClass: NativeClass:/Script/Engine.DirectionalLight Name:DirectionalLight_1 Label:DirectionalLight SpatiallyLoaded:0 Bounds:IsValid=true, Min=(X=-1048576.000 Y=-1048576.000 Z=-1048576.000), Max=(X=1048576.000 Y=1048576.000 Z=1048576.000) RuntimeGrid:None EditorOnly:0 RuntimeOnly:0 HLODRelevant:0 FolderPath:Lighting FolderGuid:08A10B054C95868C663DE39EE4343813
 |   |   |- [+] [  3]
 |   |   |   |- Guid:664A87DA48B6EE38C0ACEA9AEDBA4BA0 BaseClass: NativeClass:/Script/Engine.TextRenderActor Name:TextRenderActor_1 Label:TextRenderActor SpatiallyLoaded:1 Bounds:IsValid=true, Min=(X=-0.100 Y=1100.000 Z=65.013), Max=(X=-0.100 Y=2392.308 Z=215.013) RuntimeGrid:None EditorOnly:0 RuntimeOnly:0 HLODRelevant:0
 |   |   |- [+] [  4]
 |   |   |   |- Guid:4F7B735A44E12B4B031927A9FC21C460 BaseClass: NativeClass:/Script/Engine.VolumetricCloud Name:VolumetricCloud_1 Label:VolumetricCloud SpatiallyLoaded:0 Bounds:IsValid=true, Min=(X=0.000 Y=0.000 Z=820.000), Max=(X=0.000 Y=0.000 Z=820.000) RuntimeGrid:None EditorOnly:0 RuntimeOnly:0 HLODRelevant:0 FolderPath:Lighting FolderGuid:08A10B054C95868C663DE39EE4343813
 |   |   |- [+] [  5]
 |   |   |   |- Guid:C768943D43B1D4FCC4C0F098EBF7CAC9 BaseClass: NativeClass:/Script/Engine.StaticMeshActor Name:StaticMeshActor_36 Label:SM_Cube2 SpatiallyLoaded:1 Bounds:IsValid=true, Min=(X=0.000 Y=0.000 Z=0.000), Max=(X=3000.000 Y=100.000 Z=400.000) RuntimeGrid:None EditorOnly:0 RuntimeOnly:0 HLODRelevant:1 FolderPath:Playground FolderGuid:8CD33C9A4E75AD59B95486AC740693D6
 |   |   |- [+] [  6]
 |   |   |   |- Guid:5C7C5C40408F48C386D06CA03AB130C2 BaseClass: NativeClass:/Script/Engine.StaticMeshActor Name:StaticMeshActor_UAID_A4AE111137DC5EFB00_1594956423 Label:SM_SkySphere SpatiallyLoaded:0 Bounds:IsValid=true, Min=(X=-1638400.000 Y=-1638400.000 Z=-1638400.000), Max=(X=1638400.000 Y=1638400.000 Z=1638400.000) RuntimeGrid:None EditorOnly:0 RuntimeOnly:0 HLODRelevant:1 FolderPath:Lighting FolderGuid:08A10B054C95868C663DE39EE4343813
 |   |   |- [+] [  7]
 |   |   |   |- Guid:BD430F5245E33ECC56F7628FBABC5D84 BaseClass: NativeClass:/Script/Engine.StaticMeshActor Name:StaticMeshActor_33 Label:SM_Cube SpatiallyLoaded:1 Bounds:IsValid=true, Min=(X=0.000 Y=0.000 Z=-50.000), Max=(X=3000.000 Y=3500.000 Z=0.000) RuntimeGrid:None EditorOnly:0 RuntimeOnly:0 HLODRelevant:1 FolderPath:Playground FolderGuid:8CD33C9A4E75AD59B95486AC740693D6
 |   |   |- [+] [  8]
 |   |   |   |- Guid:174DF71143EA367D14F3838C26CC06DF BaseClass: NativeClass:/Script/Engine.SkyLight Name:SkyLight_0 Label:SkyLight SpatiallyLoaded:0 Bounds:IsValid=true, Min=(X=0.000 Y=0.000 Z=690.000), Max=(X=0.000 Y=0.000 Z=690.000) RuntimeGrid:None EditorOnly:0 RuntimeOnly:0 HLODRelevant:0 FolderPath:Lighting FolderGuid:08A10B054C95868C663DE39EE4343813
 |   |   |- [+] [  9]
 |   |   |   |- Guid:C752FDB9451B0FA0675D4B9D3E8B12AB BaseClass: NativeClass:/Script/Engine.StaticMeshActor Name:StaticMeshActor_56 Label:SM_Cube13 SpatiallyLoaded:1 Bounds:IsValid=true, Min=(X=300.000 Y=2700.000 Z=0.000), Max=(X=400.000 Y=2800.000 Z=200.000) RuntimeGrid:None EditorOnly:0 RuntimeOnly:0 HLODRelevant:1 FolderPath:Block03 FolderGuid:8CD3949449A9ED1D3F209CA69A64B60F
 |   |   |- [+] [ 10]
 |   |   |   |- Guid:A7FB847A4A1DACD12053998C0C82FF9C BaseClass: NativeClass:/Script/Engine.StaticMeshActor Name:StaticMeshActor_55 Label:SM_QuarterCylinder5 SpatiallyLoaded:1 Bounds:IsValid=true, Min=(X=300.000 Y=2800.000 Z=0.000), Max=(X=400.000 Y=2900.000 Z=200.000) RuntimeGrid:None EditorOnly:0 RuntimeOnly:0 HLODRelevant:1 FolderPath:Block03 FolderGuid:8CD3949449A9ED1D3F209CA69A64B60F
 |   |   |- [+] [ 11]
 |   |   |   |- Guid:E7C88B004DFFF4BE08155AB223A0EF2C BaseClass: NativeClass:/Script/Engine.SkyAtmosphere Name:SkyAtmosphere_1 Label:SkyAtmosphere SpatiallyLoaded:0 Bounds:IsValid=true, Min=(X=0.000 Y=0.000 Z=1020.000), Max=(X=0.000 Y=0.000 Z=1020.000) RuntimeGrid:None EditorOnly:0 RuntimeOnly:0 HLODRelevant:0 FolderPath:Lighting FolderGuid:08A10B054C95868C663DE39EE4343813
 |   |   |- [+] [ 12]
 |   |   |   |- Guid:F6974391454BE3281D0A9AAB775EBFF6 BaseClass: NativeClass:/Script/Engine.StaticMeshActor Name:StaticMeshActor_43 Label:SM_Cube6 SpatiallyLoaded:1 Bounds:IsValid=true, Min=(X=2900.000 Y=100.000 Z=0.000), Max=(X=3000.000 Y=3400.000 Z=400.000) RuntimeGrid:None EditorOnly:0 RuntimeOnly:0 HLODRelevant:1 FolderPath:Playground FolderGuid:8CD33C9A4E75AD59B95486AC740693D6
 |   |   |- [+] [ 13]
 |   |   |   |- Guid:FC2659D1462E0C2787253D85D4D3D619 BaseClass: NativeClass:/Script/Engine.StaticMeshActor Name:StaticMeshActor_37 Label:SM_Cube3 SpatiallyLoaded:1 Bounds:IsValid=true, Min=(X=0.000 Y=3400.000 Z=0.000), Max=(X=3000.000 Y=3500.000 Z=400.000) RuntimeGrid:None EditorOnly:0 RuntimeOnly:0 HLODRelevant:1 FolderPath:Playground FolderGuid:8CD33C9A4E75AD59B95486AC740693D6
 |   |   |- [+] [ 14]
 |   |   |   |- Guid:B23C247D4E34A96052E563A19E79FA75 BaseClass: NativeClass:/Script/Engine.ExponentialHeightFog Name:ExponentialHeightFog_1 Label:ExponentialHeightFog SpatiallyLoaded:0 Bounds:IsValid=true, Min=(X=-5600.000 Y=-50.000 Z=-6850.000), Max=(X=-5600.000 Y=-50.000 Z=-6850.000) RuntimeGrid:None EditorOnly:0 RuntimeOnly:0 HLODRelevant:0 FolderPath:Lighting FolderGuid:08A10B054C95868C663DE39EE4343813
 |   |   |- [+] [ 15]
 |   |   |   |- Guid:ECF7DFF54DE28214A01D249B1B1CA773 BaseClass: NativeClass:/Script/Engine.StaticMeshActor Name:StaticMeshActor_42 Label:SM_Cube5 SpatiallyLoaded:1 Bounds:IsValid=true, Min=(X=-0.000 Y=100.000 Z=0.000), Max=(X=100.000 Y=3400.000 Z=400.000) RuntimeGrid:None EditorOnly:0 RuntimeOnly:0 HLODRelevant:1 FolderPath:Playground FolderGuid:8CD33C9A4E75AD59B95486AC740693D6
 |   |   |- [+] [ 16]
 |   |   |   |- Guid:C726A3284B806D4C379405885740B688 BaseClass: NativeClass:/Script/Engine.PlayerStart Name:PlayerStart_0 Label:PlayerStart SpatiallyLoaded:0 Bounds:IsValid=true, Min=(X=860.000 Y=1070.000 Z=0.013), Max=(X=940.000 Y=1150.000 Z=184.013) RuntimeGrid:None EditorOnly:0 RuntimeOnly:0 HLODRelevant:0
 |   |   |- [+] [ 17]
 |   |   |   |- Guid:69D8E13D41E46D58CE2EEF99000F1C2F BaseClass:/Game/ThirdPerson/Blueprints/GridManager_BP.GridManager_BP_C NativeClass:/Script/ElementalEncounters.GridManager Name:GridManager_C_UAID_E0D55EB58B9FC3A101_1930241495 Label:GridManager SpatiallyLoaded:1 Bounds:IsValid=true, Min=(X=970.000 Y=1239.175 Z=0.000), Max=(X=970.000 Y=1740.825 Z=97.335) RuntimeGrid:None EditorOnly:0 RuntimeOnly:0 HLODRelevant:0
 |   |   |   |- Guid:E70EFF4C46EEAF41194BC7B1DD5F6C8B BaseClass:/Game/ThirdPerson/Blueprints/Grid_BP.Grid_BP_C NativeClass:/Script/ElementalEncounters.Grid Name:Grid_BP_C_UAID_E0D55EB58B9FC7A101_1662580201 Label:Grid_BP2 SpatiallyLoaded:1 Bounds:IsValid=true, Min=(X=1070.000 Y=670.000 Z=-0.000), Max=(X=1230.000 Y=830.000 Z=240.000) RuntimeGrid:None EditorOnly:0 RuntimeOnly:0 HLODRelevant:0
 |   |   |   |- Guid:90F5A752417379B7B01ED7B267BA302D BaseClass:/Game/ThirdPerson/Blueprints/Grid_BP.Grid_BP_C NativeClass:/Script/ElementalEncounters.Grid Name:Grid_BP_C_UAID_E0D55EB58B9FC8A101_2053920390 Label:Grid_BP13 SpatiallyLoaded:1 Bounds:IsValid=true, Min=(X=870.000 Y=570.000 Z=-0.000), Max=(X=1030.000 Y=730.000 Z=240.000) RuntimeGrid:None EditorOnly:0 RuntimeOnly:0 HLODRelevant:0
 |   |   |   |- Guid:1A804D5542674E89543C54B58C97F564 BaseClass:/Game/ThirdPerson/Blueprints/Grid_BP.Grid_BP_C NativeClass:/Script/ElementalEncounters.Grid Name:Grid_BP_C_UAID_E0D55EB58B9FC8A101_2053921391 Label:Grid_BP14 SpatiallyLoaded:1 Bounds:IsValid=true, Min=(X=870.000 Y=670.000 Z=-0.000), Max=(X=1030.000 Y=830.000 Z=240.000) RuntimeGrid:None EditorOnly:0 RuntimeOnly:0 HLODRelevant:0
 |   |   |   |- Guid:6003CCDF4978F4D350E648B8E8E0D017 BaseClass:/Game/ThirdPerson/Blueprints/Grid_BP.Grid_BP_C NativeClass:/Script/ElementalEncounters.Grid Name:Grid_BP_C_UAID_E0D55EB58B9FC8A101_2053922392 Label:Grid_BP15 SpatiallyLoaded:1 Bounds:IsValid=true, Min=(X=870.000 Y=770.000 Z=-0.000), Max=(X=1030.000 Y=930.000 Z=240.000) RuntimeGrid:None EditorOnly:0 RuntimeOnly:0 HLODRelevant:0
 |   |   |   |- Guid:06B9EBDD43A2C6041F3E7A84872EE847 BaseClass:/Game/ThirdPerson/Blueprints/Grid_BP.Grid_BP_C NativeClass:/Script/ElementalEncounters.Grid Name:Grid_BP_C_UAID_E0D55EB58B9FC8A101_2053929393 Label:Grid_BP16 SpatiallyLoaded:1 Bounds:IsValid=true, Min=(X=870.000 Y=870.000 Z=-0.000), Max=(X=1030.000 Y=1030.000 Z=240.000) RuntimeGrid:None EditorOnly:0 RuntimeOnly:0 HLODRelevant:0
 |   |   |   |- Guid:78A113F845576CA9D0CC5C9FFA1AEE56 BaseClass:/Game/ThirdPerson/Blueprints/Grid_BP.Grid_BP_C NativeClass:/Script/ElementalEncounters.Grid Name:Grid_BP_C_UAID_E0D55EB58B9FC8A101_2053931394 Label:Grid_BP17 SpatiallyLoaded:1 Bounds:IsValid=true, Min=(X=870.000 Y=970.000 Z=-0.000), Max=(X=1030.000 Y=1130.000 Z=240.000) RuntimeGrid:None EditorOnly:0 RuntimeOnly:0 HLODRelevant:0
 |   |   |   |- Guid:53847BDD409ACD456CAAFF95BFDA2C96 BaseClass:/Game/ThirdPerson/Blueprints/Grid_BP.Grid_BP_C NativeClass:/Script/ElementalEncounters.Grid Name:Grid_BP_C_UAID_E0D55EB58B9FC8A101_2053943395 Label:Grid_BP18 SpatiallyLoaded:1 Bounds:IsValid=true, Min=(X=870.000 Y=1070.000 Z=-0.000), Max=(X=1030.000 Y=1230.000 Z=240.000) RuntimeGrid:None EditorOnly:0 RuntimeOnly:0 HLODRelevant:0
 |   |   |   |- Guid:F9D7E0474360EF3F4B2678B7A2FB54CB BaseClass:/Game/ThirdPerson/Blueprints/Grid_BP.Grid_BP_C NativeClass:/Script/ElementalEncounters.Grid Name:Grid_BP_C_UAID_E0D55EB58B9FC8A101_2053945396 Label:Grid_BP19 SpatiallyLoaded:1 Bounds:IsValid=true, Min=(X=770.000 Y=570.000 Z=-0.000), Max=(X=930.000 Y=730.000 Z=240.000) RuntimeGrid:None EditorOnly:0 RuntimeOnly:0 HLODRelevant:0
 |   |   |   |- Guid:4797404245C733EAF508D6B3C7418D61 BaseClass:/Game/ThirdPerson/Blueprints/Grid_BP.Grid_BP_C NativeClass:/Script/ElementalEncounters.Grid Name:Grid_BP_C_UAID_E0D55EB58B9FC8A101_2053946397 Label:Grid_BP20 SpatiallyLoaded:1 Bounds:IsValid=true, Min=(X=770.000 Y=670.000 Z=-0.000), Max=(X=930.000 Y=830.000 Z=240.000) RuntimeGrid:None EditorOnly:0 RuntimeOnly:0 HLODRelevant:0
 |   |   |   |- Guid:AD5A5FF54E83DFC69A9DC9839C909248 BaseClass:/Game/ThirdPerson/Blueprints/Grid_BP.Grid_BP_C NativeClass:/Script/ElementalEncounters.Grid Name:Grid_BP_C_UAID_E0D55EB58B9FC8A101_2053948398 Label:Grid_BP21 SpatiallyLoaded:1 Bounds:IsValid=true, Min=(X=770.000 Y=770.000 Z=-0.000), Max=(X=930.000 Y=930.000 Z=240.000) RuntimeGrid:None EditorOnly:0 RuntimeOnly:0 HLODRelevant:0
 |   |   |   |- Guid:86AB9B9C43341D69FD3C0B844293110A BaseClass:/Game/ThirdPerson/Blueprints/Grid_BP.Grid_BP_C NativeClass:/Script/ElementalEncounters.Grid Name:Grid_BP_C_UAID_E0D55EB58B9FC8A101_2053956399 Label:Grid_BP22 SpatiallyLoaded:1 Bounds:IsValid=true, Min=(X=770.000 Y=870.000 Z=-0.000), Max=(X=930.000 Y=1030.000 Z=240.000) RuntimeGrid:None EditorOnly:0 RuntimeOnly:0 HLODRelevant:0
 |   |   |   |- Guid:B031BD6540BC7E94F1785B8D0C323AAE BaseClass:/Game/ThirdPerson/Blueprints/Grid_BP.Grid_BP_C NativeClass:/Script/ElementalEncounters.Grid Name:Grid_BP_C_UAID_E0D55EB58B9FC8A101_2053958400 Label:Grid_BP23 SpatiallyLoaded:1 Bounds:IsValid=true, Min=(X=770.000 Y=970.000 Z=-0.000), Max=(X=930.000 Y=1130.000 Z=240.000) RuntimeGrid:None EditorOnly:0 RuntimeOnly:0 HLODRelevant:0
 |   |   |   |- Guid:D8E91C64490108618F2481BE11A60F83 BaseClass:/Game/ThirdPerson/Blueprints/Grid_BP.Grid_BP_C NativeClass:/Script/ElementalEncounters.Grid Name:Grid_BP_C_UAID_E0D55EB58B9FC8A101_2053959401 Label:Grid_BP24 SpatiallyLoaded:1 Bounds:IsValid=true, Min=(X=770.000 Y=1070.000 Z=-0.000), Max=(X=930.000 Y=1230.000 Z=240.000) RuntimeGrid:None EditorOnly:0 RuntimeOnly:0 HLODRelevant:0
 |   |   |   |- Guid:EFD7EED34A4441B6A30884A4DA9980EF BaseClass:/Game/ThirdPerson/Blueprints/Grid_BP.Grid_BP_C NativeClass:/Script/ElementalEncounters.Grid Name:Grid_BP_C_UAID_E0D55EB58B9FC8A101_2057997403 Label:Grid_BP25 SpatiallyLoaded:1 Bounds:IsValid=true, Min=(X=670.000 Y=570.000 Z=-0.000), Max=(X=830.000 Y=730.000 Z=240.000) RuntimeGrid:None EditorOnly:0 RuntimeOnly:0 HLODRelevant:0
 |   |   |   |- Guid:EBFD1F6742A033B85C8398807EB12B42 BaseClass:/Game/ThirdPerson/Blueprints/Grid_BP.Grid_BP_C NativeClass:/Script/ElementalEncounters.Grid Name:Grid_BP_C_UAID_E0D55EB58B9FC8A101_2058000404 Label:Grid_BP26 SpatiallyLoaded:1 Bounds:IsValid=true, Min=(X=670.000 Y=670.000 Z=-0.000), Max=(X=830.000 Y=830.000 Z=240.000) RuntimeGrid:None EditorOnly:0 RuntimeOnly:0 HLODRelevant:0
 |   |   |   |- Guid:0F1DB1A14613EA747F24578CA8A3FA58 BaseClass:/Game/ThirdPerson/Blueprints/Grid_BP.Grid_BP_C NativeClass:/Script/ElementalEncounters.Grid Name:Grid_BP_C_UAID_E0D55EB58B9FC8A101_2058018405 Label:Grid_BP27 SpatiallyLoaded:1 Bounds:IsValid=true, Min=(X=670.000 Y=770.000 Z=-0.000), Max=(X=830.000 Y=930.000 Z=240.000) RuntimeGrid:None EditorOnly:0 RuntimeOnly:0 HLODRelevant:0
 |   |   |   |- Guid:87E8918D4B4CC1CAA1B85DB6922CE2FA BaseClass:/Game/ThirdPerson/Blueprints/Grid_BP.Grid_BP_C NativeClass:/Script/ElementalEncounters.Grid Name:Grid_BP_C_UAID_E0D55EB58B9FC8A101_2058019406 Label:Grid_BP28 SpatiallyLoaded:1 Bounds:IsValid=true, Min=(X=670.000 Y=870.000 Z=-0.000), Max=(X=830.000 Y=1030.000 Z=240.000) RuntimeGrid:None EditorOnly:0 RuntimeOnly:0 HLODRelevant:0
 |   |   |   |- Guid:F19F548C4DB0DF62BB6FFAACAD68A1FC BaseClass:/Game/ThirdPerson/Blueprints/Grid_BP.Grid_BP_C NativeClass:/Script/ElementalEncounters.Grid Name:Grid_BP_C_UAID_E0D55EB58B9FC8A101_2058021407 Label:Grid_BP29 SpatiallyLoaded:1 Bounds:IsValid=true, Min=(X=670.000 Y=970.000 Z=-0.000), Max=(X=830.000 Y=1130.000 Z=240.000) RuntimeGrid:None EditorOnly:0 RuntimeOnly:0 HLODRelevant:0
 |   |   |   |- Guid:F42D36664AC655BCC8368DAE8B8EBD8F BaseClass:/Game/ThirdPerson/Blueprints/Grid_BP.Grid_BP_C NativeClass:/Script/ElementalEncounters.Grid Name:Grid_BP_C_UAID_E0D55EB58B9FC8A101_2058022408 Label:Grid_BP30 SpatiallyLoaded:1 Bounds:IsValid=true, Min=(X=670.000 Y=1070.000 Z=-0.000), Max=(X=830.000 Y=1230.000 Z=240.000) RuntimeGrid:None EditorOnly:0 RuntimeOnly:0 HLODRelevant:0
 |   |   |   |- Guid:6BB22B0347F2F700BB9ADCB1A653E535 BaseClass:/Game/ThirdPerson/Blueprints/Grid_BP.Grid_BP_C NativeClass:/Script/ElementalEncounters.Grid Name:Grid_BP_C_UAID_E0D55EB58B9FC8A101_2058024409 Label:Grid_BP31 SpatiallyLoaded:1 Bounds:IsValid=true, Min=(X=570.000 Y=570.000 Z=-0.000), Max=(X=730.000 Y=730.000 Z=240.000) RuntimeGrid:None EditorOnly:0 RuntimeOnly:0 HLODRelevant:0
 |   |   |   |- Guid:44EB8B6549FB07127C843F9A3D8EEBB4 BaseClass:/Game/ThirdPerson/Blueprints/Grid_BP.Grid_BP_C NativeClass:/Script/ElementalEncounters.Grid Name:Grid_BP_C_UAID_E0D55EB58B9FC8A101_2058025410 Label:Grid_BP32 SpatiallyLoaded:1 Bounds:IsValid=true, Min=(X=570.000 Y=670.000 Z=-0.000), Max=(X=730.000 Y=830.000 Z=240.000) RuntimeGrid:None EditorOnly:0 RuntimeOnly:0 HLODRelevant:0
 |   |   |   |- Guid:966B580B496F54A3960888ADE1AC75B7 BaseClass:/Game/ThirdPerson/Blueprints/Grid_BP.Grid_BP_C NativeClass:/Script/ElementalEncounters.Grid Name:Grid_BP_C_UAID_E0D55EB58B9FC8A101_2058026411 Label:Grid_BP33 SpatiallyLoaded:1 Bounds:IsValid=true, Min=(X=570.000 Y=770.000 Z=-0.000), Max=(X=730.000 Y=930.000 Z=240.000) RuntimeGrid:None EditorOnly:0 RuntimeOnly:0 HLODRelevant:0
 |   |   |   |- Guid:643830254DC77CD0DD87BA900314E02A BaseClass:/Game/ThirdPerson/Blueprints/Grid_BP.Grid_BP_C NativeClass:/Script/ElementalEncounters.Grid Name:Grid_BP_C_UAID_E0D55EB58B9FC8A101_2058029413 Label:Grid_BP35 SpatiallyLoaded:1 Bounds:IsValid=true, Min=(X=570.000 Y=970.000 Z=-0.000), Max=(X=730.000 Y=1130.000 Z=240.000) RuntimeGrid:None EditorOnly:0 RuntimeOnly:0 HLODRelevant:0
 |   |   |   |- Guid:3C2DE770451A00675957B2AFDCFD7F8F BaseClass:/Game/ThirdPerson/Blueprints/Grid_BP.Grid_BP_C NativeClass:/Script/ElementalEncounters.Grid Name:Grid_BP_C_UAID_E0D55EB58B9FC8A101_2058030414 Label:Grid_BP36 SpatiallyLoaded:1 Bounds:IsValid=true, Min=(X=570.000 Y=1070.000 Z=-0.000), Max=(X=730.000 Y=1230.000 Z=240.000) RuntimeGrid:None EditorOnly:0 RuntimeOnly:0 HLODRelevant:0
 |   |   |- [+] [ 18]
 |   |   |   |- Guid:EA29B64846521BE6E9C7DDB6F5F53DB1 BaseClass:/Game/ThirdPerson/Blueprints/Grid_BP.Grid_BP_C NativeClass:/Script/ElementalEncounters.Grid Name:Grid_BP_C_UAID_E0D55EB58B9FC8A101_2058028412 Label:Grid_BP34 SpatiallyLoaded:1 Bounds:IsValid=true, Min=(X=570.000 Y=870.000 Z=-0.000), Max=(X=730.000 Y=1030.000 Z=240.000) RuntimeGrid:None EditorOnly:0 RuntimeOnly:0 HLODRelevant:0
 |   |   |- [+] [ 19]
 |   |   |   |- Guid:7AD629B54523948D021AEFB1CE98EC2B BaseClass: NativeClass:/Script/Engine.StaticMeshActor Name:StaticMeshActor_UAID_E0D55EB58B9FC8A101_2057994402 Label:SM_Cube15 SpatiallyLoaded:1 Bounds:IsValid=true, Min=(X=-400.000 Y=0.000 Z=-50.000), Max=(X=2600.000 Y=3500.000 Z=0.000) RuntimeGrid:None EditorOnly:0 RuntimeOnly:0 HLODRelevant:1 FolderPath:Playground FolderGuid:8CD33C9A4E75AD59B95486AC740693D6
 |   |   |- [+] [ 20]
 |   |   |   |- Guid:BD2D8AA44BD5DA0133A5B09382D1E7D6 BaseClass: NativeClass:/Script/Engine.StaticMeshActor Name:StaticMeshActor_UAID_E0D55EB58B9FC8A101_2053918389 Label:SM_Cube14 SpatiallyLoaded:1 Bounds:IsValid=true, Min=(X=-200.000 Y=0.000 Z=-50.000), Max=(X=2800.000 Y=3500.000 Z=0.000) RuntimeGrid:None EditorOnly:0 RuntimeOnly:0 HLODRelevant:1 FolderPath:Playground FolderGuid:8CD33C9A4E75AD59B95486AC740693D6
 |- ContainerInstances:
 |- [+] MainContainer:
 |   |-        ID: 0x0000000000000000
 |   |-    Bounds: IsValid=false, Min=(X=0.000 Y=0.000 Z=0.000), Max=(X=0.000 Y=0.000 Z=0.000)
 |   |- Transform: 0.000000,0.000000,0.000000|0.000000,0.000000,-0.000000|1.000000,1.000000,1.000000
 |   |- Container: /Game/ThirdPerson/Maps/ThirdPersonMap
----------------------------------------------------------------------------------------------------------------
ThirdPersonMap - Persistent Level
----------------------------------------------------------------------------------------------------------------
Always loaded Actor Count: 100 

----------------------------------------------------------------------------------------------------------------
ThirdPersonMap - Runtime Spatial Hash - Streaming Grid - MainGrid
----------------------------------------------------------------------------------------------------------------
            Origin: X=0.000 Y=0.000 Z=0.000
         Cell Size: 12800
      World Bounds: IsValid=false, Min=(X=0.000 Y=0.000 Z=0.000), Max=(X=0.000 Y=0.000 Z=0.000)
     Loading Range: 25600.00
Block Slow Loading: No
 ClientOnlyVisible: No

[+] Grid Levels: 1
 |- Level  0: Cell Count    0 | Cell Size   12800 | Actor Count    0 (0.0%)

[+] Content of Grid Level 0

