[+] Containers:
 |- [+] Container: /Game/ThirdPerson/Maps/ThirdPersonMap
 |   |- [+] ActorDescs:
 |   |   |- Guid:08242C4549AA17D332762CB7B9973163 BaseClass:/Game/ThirdPerson/Blueprints/Grid_BP.Grid_BP_C NativeClass:/Script/ElementalEncounters.Grid Name:Grid_BP_C_UAID_E0D55EB58B9FC9A101_1593905644 Label:Grid_BP6 SpatiallyLoaded:1 Bounds:IsValid=true, Min=(X=1270.000 Y=1270.000 Z=-0.000), Max=(X=1430.000 Y=1430.000 Z=240.000) RuntimeGrid:None EditorOnly:0 RuntimeOnly:0 HLODRelevant:0
 |   |   |- Guid:090EF8E8476659BE37BDCFBAC41670B1 BaseClass:/Game/ThirdPerson/Blueprints/Grid_BP.Grid_BP_C NativeClass:/Script/ElementalEncounters.Grid Name:Grid_BP_C_UAID_E0D55EB58B9FC9A101_1608288662 Label:Grid_BP23 SpatiallyLoaded:1 Bounds:IsValid=true, Min=(X=970.000 Y=1170.000 Z=-0.000), Max=(X=1130.000 Y=1330.000 Z=240.000) RuntimeGrid:None EditorOnly:0 RuntimeOnly:0 HLODRelevant:0
 |   |   |- Guid:0F6982234756115B7C2D5DBB37200B54 BaseClass:/Game/ThirdPerson/Blueprints/Grid_BP.Grid_BP_C NativeClass:/Script/ElementalEncounters.Grid Name:Grid_BP_C_UAID_E0D55EB58B9FC9A101_1610378667 Label:Grid_BP28 SpatiallyLoaded:1 Bounds:IsValid=true, Min=(X=870.000 Y=1070.000 Z=-0.000), Max=(X=1030.000 Y=1230.000 Z=240.000) RuntimeGrid:None EditorOnly:0 RuntimeOnly:0 HLODRelevant:0
 |   |   |- Guid:174DF71143EA367D14F3838C26CC06DF BaseClass: NativeClass:/Script/Engine.SkyLight Name:SkyLight_0 Label:SkyLight SpatiallyLoaded:0 Bounds:IsValid=true, Min=(X=0.000 Y=0.000 Z=690.000), Max=(X=0.000 Y=0.000 Z=690.000) RuntimeGrid:None EditorOnly:0 RuntimeOnly:0 HLODRelevant:0 FolderPath:Lighting FolderGuid:08A10B054C95868C663DE39EE4343813
 |   |   |- Guid:1AF7B1234344E68DE3887F9D6729262C BaseClass: NativeClass:/Script/Engine.StaticMeshActor Name:StaticMeshActor_UAID_E0D55EB58B9FFCA101_1191087528 Label:Cube2 SpatiallyLoaded:1 Bounds:IsValid=true, Min=(X=700.000 Y=700.000 Z=-60.000), Max=(X=800.000 Y=1500.000 Z=40.000) RuntimeGrid:None EditorOnly:0 RuntimeOnly:0 HLODRelevant:1
 |   |   |- Guid:1BA8875E4D825D2C8A8D26B7A259DEDB BaseClass:/Game/ThirdPerson/Blueprints/Grid_BP.Grid_BP_C NativeClass:/Script/ElementalEncounters.Grid Name:Grid_BP_C_UAID_E0D55EB58B9FC9A101_1610379668 Label:Grid_BP29 SpatiallyLoaded:1 Bounds:IsValid=true, Min=(X=870.000 Y=1170.000 Z=-0.000), Max=(X=1030.000 Y=1330.000 Z=240.000) RuntimeGrid:None EditorOnly:0 RuntimeOnly:0 HLODRelevant:0
 |   |   |- Guid:23F024B64EC7D9DDD4ECE9958DD553A8 BaseClass:/Game/ThirdPerson/Blueprints/Grid_BP.Grid_BP_C NativeClass:/Script/ElementalEncounters.Grid Name:Grid_BP_C_UAID_E0D55EB58B9FC9A101_1583913640 Label:Grid_BP2 SpatiallyLoaded:1 Bounds:IsValid=true, Min=(X=1270.000 Y=870.000 Z=-0.000), Max=(X=1430.000 Y=1030.000 Z=240.000) RuntimeGrid:None EditorOnly:0 RuntimeOnly:0 HLODRelevant:0
 |   |   |- Guid:2D9DA9D14C8BBC3A7C85B1BBF2E44064 BaseClass:/Game/ThirdPerson/Blueprints/Grid_BP.Grid_BP_C NativeClass:/Script/ElementalEncounters.Grid Name:Grid_BP_C_UAID_E0D55EB58B9FC9A101_1588971642 Label:Grid_BP4 SpatiallyLoaded:1 Bounds:IsValid=true, Min=(X=1270.000 Y=1070.000 Z=-0.000), Max=(X=1430.000 Y=1230.000 Z=240.000) RuntimeGrid:None EditorOnly:0 RuntimeOnly:0 HLODRelevant:0
 |   |   |- Guid:2E33DFC64724C4753437ED8BB0387E05 BaseClass:/Game/ThirdPerson/Blueprints/Enemy_BP.Enemy_BP_C NativeClass:/Script/ElementalEncounters.Enemy Name:Enemy_BP_C_UAID_E0D55EB58B9F05A201_2082955114 Label:Enemy_BP3 SpatiallyLoaded:1 Bounds:IsValid=true, Min=(X=1786.000 Y=906.000 Z=0.000), Max=(X=1854.000 Y=974.000 Z=176.000) RuntimeGrid:None EditorOnly:0 RuntimeOnly:0 HLODRelevant:0
 |   |   |- Guid:33B5E367422F59C6B62518915ACC75F8 BaseClass:/Game/ThirdPerson/Blueprints/Grid_BP.Grid_BP_C NativeClass:/Script/ElementalEncounters.Grid Name:Grid_BP_C_UAID_E0D55EB58B9FC9A101_1606250656 Label:Grid_BP17 SpatiallyLoaded:1 Bounds:IsValid=true, Min=(X=1070.000 Y=1170.000 Z=-0.000), Max=(X=1230.000 Y=1330.000 Z=240.000) RuntimeGrid:None EditorOnly:0 RuntimeOnly:0 HLODRelevant:0
 |   |   |- Guid:34936AE843721B8AF1CF9292D32BA25A BaseClass:/Game/ThirdPerson/Blueprints/Grid_BP.Grid_BP_C NativeClass:/Script/ElementalEncounters.Grid Name:Grid_BP_C_UAID_E0D55EB58B9FC9A101_1606241652 Label:Grid_BP13 SpatiallyLoaded:1 Bounds:IsValid=true, Min=(X=1070.000 Y=770.000 Z=-0.000), Max=(X=1230.000 Y=930.000 Z=240.000) RuntimeGrid:None EditorOnly:0 RuntimeOnly:0 HLODRelevant:0
 |   |   |- Guid:34F838934E6659F32E4136BC0D5F5FB5 BaseClass:/Game/ThirdPerson/Blueprints/Grid_BP.Grid_BP_C NativeClass:/Script/ElementalEncounters.Grid Name:Grid_BP_C_UAID_E0D55EB58B9FC9A101_1612251671 Label:Grid_BP32 SpatiallyLoaded:1 Bounds:IsValid=true, Min=(X=770.000 Y=870.000 Z=-0.000), Max=(X=930.000 Y=1030.000 Z=240.000) RuntimeGrid:None EditorOnly:0 RuntimeOnly:0 HLODRelevant:0
 |   |   |- Guid:3F1FF22D4F00306C84EA31A9B69F4B22 BaseClass:/Game/ThirdPerson/Blueprints/Grid_BP.Grid_BP_C NativeClass:/Script/ElementalEncounters.Grid Name:Grid_BP_C_UAID_E0D55EB58B9FC9A101_1610374665 Label:Grid_BP26 SpatiallyLoaded:1 Bounds:IsValid=true, Min=(X=870.000 Y=870.000 Z=-0.000), Max=(X=1030.000 Y=1030.000 Z=240.000) RuntimeGrid:None EditorOnly:0 RuntimeOnly:0 HLODRelevant:0
 |   |   |- Guid:4D677F274A8C3C207500CDA04B0C2043 BaseClass:/Game/ThirdPerson/Blueprints/Enemy_BP.Enemy_BP_C NativeClass:/Script/ElementalEncounters.Enemy Name:Enemy_BP_C_UAID_E0D55EB58B9F05A201_1803853112 Label:Enemy_BP SpatiallyLoaded:1 Bounds:IsValid=true, Min=(X=1576.000 Y=1176.000 Z=0.000), Max=(X=1644.000 Y=1244.000 Z=176.000) RuntimeGrid:None EditorOnly:0 RuntimeOnly:0 HLODRelevant:0
 |   |   |- Guid:4F7B735A44E12B4B031927A9FC21C460 BaseClass: NativeClass:/Script/Engine.VolumetricCloud Name:VolumetricCloud_1 Label:VolumetricCloud SpatiallyLoaded:0 Bounds:IsValid=true, Min=(X=0.000 Y=0.000 Z=820.000), Max=(X=0.000 Y=0.000 Z=820.000) RuntimeGrid:None EditorOnly:0 RuntimeOnly:0 HLODRelevant:0 FolderPath:Lighting FolderGuid:08A10B054C95868C663DE39EE4343813
 |   |   |- Guid:53AAC96247230F99709E41A5DC0A2E06 BaseClass:/Game/ThirdPerson/Blueprints/Grid_BP.Grid_BP_C NativeClass:/Script/ElementalEncounters.Grid Name:Grid_BP_C_UAID_E0D55EB58B9FC9A101_1604373651 Label:Grid_BP12 SpatiallyLoaded:1 Bounds:IsValid=true, Min=(X=1170.000 Y=1270.000 Z=-0.000), Max=(X=1330.000 Y=1430.000 Z=240.000) RuntimeGrid:None EditorOnly:0 RuntimeOnly:0 HLODRelevant:0
 |   |   |- Guid:54DE2DF342EA7FD613931CA352E9F132 BaseClass:/Game/ThirdPerson/Blueprints/Grid_BP.Grid_BP_C NativeClass:/Script/ElementalEncounters.Grid Name:Grid_BP_C_UAID_E0D55EB58B9FC9A101_1608290663 Label:Grid_BP24 SpatiallyLoaded:1 Bounds:IsValid=true, Min=(X=970.000 Y=1270.000 Z=-0.000), Max=(X=1130.000 Y=1430.000 Z=240.000) RuntimeGrid:None EditorOnly:0 RuntimeOnly:0 HLODRelevant:0
 |   |   |- Guid:559633EE4600AB10F0400FB8FEF47F65 BaseClass:/Game/ThirdPerson/Blueprints/Grid_BP.Grid_BP_C NativeClass:/Script/ElementalEncounters.Grid Name:Grid_BP_C_UAID_E0D55EB58B9FC9A101_1612253672 Label:Grid_BP33 SpatiallyLoaded:1 Bounds:IsValid=true, Min=(X=770.000 Y=970.000 Z=-0.000), Max=(X=930.000 Y=1130.000 Z=240.000) RuntimeGrid:None EditorOnly:0 RuntimeOnly:0 HLODRelevant:0
 |   |   |- Guid:583309C84A2143A5D994CB8E108AD231 BaseClass:/Game/ThirdPerson/Blueprints/Grid_BP.Grid_BP_C NativeClass:/Script/ElementalEncounters.Grid Name:Grid_BP_C_UAID_E0D55EB58B9FC9A101_1612261675 Label:Grid_BP36 SpatiallyLoaded:1 Bounds:IsValid=true, Min=(X=770.000 Y=1270.000 Z=-0.000), Max=(X=930.000 Y=1430.000 Z=240.000) RuntimeGrid:None EditorOnly:0 RuntimeOnly:0 HLODRelevant:0
 |   |   |- Guid:5C40A6034DC1B24CD3F7BC9E2A5E3BAE BaseClass:/Game/ThirdPerson/Blueprints/Grid_BP.Grid_BP_C NativeClass:/Script/ElementalEncounters.Grid Name:Grid_BP_C_UAID_E0D55EB58B9FC9A101_1604371650 Label:Grid_BP11 SpatiallyLoaded:1 Bounds:IsValid=true, Min=(X=1170.000 Y=1170.000 Z=-0.000), Max=(X=1330.000 Y=1330.000 Z=240.000) RuntimeGrid:None EditorOnly:0 RuntimeOnly:0 HLODRelevant:0
 |   |   |- Guid:5C7C5C40408F48C386D06CA03AB130C2 BaseClass: NativeClass:/Script/Engine.StaticMeshActor Name:StaticMeshActor_UAID_A4AE111137DC5EFB00_1594956423 Label:SM_SkySphere SpatiallyLoaded:0 Bounds:IsValid=true, Min=(X=-1638400.000 Y=-1638400.000 Z=-1638400.000), Max=(X=1638400.000 Y=1638400.000 Z=1638400.000) RuntimeGrid:None EditorOnly:0 RuntimeOnly:0 HLODRelevant:1 FolderPath:Lighting FolderGuid:08A10B054C95868C663DE39EE4343813
 |   |   |- Guid:5DA762E946C5A5F820AAD8AC0BC81E79 BaseClass:/Game/ThirdPerson/Blueprints/Grid_BP.Grid_BP_C NativeClass:/Script/ElementalEncounters.Grid Name:Grid_BP_C_UAID_E0D55EB58B9FC9A101_1604368648 Label:Grid_BP9 SpatiallyLoaded:1 Bounds:IsValid=true, Min=(X=1170.000 Y=970.000 Z=-0.000), Max=(X=1330.000 Y=1130.000 Z=240.000) RuntimeGrid:None EditorOnly:0 RuntimeOnly:0 HLODRelevant:0
 |   |   |- Guid:5F051A834F710B7D58E35995295F4492 BaseClass: NativeClass:/Script/Engine.StaticMeshActor Name:StaticMeshActor_UAID_E0D55EB58B9FFCA101_1224828530 Label:Cube4 SpatiallyLoaded:1 Bounds:IsValid=true, Min=(X=700.000 Y=1400.000 Z=-60.000), Max=(X=1500.000 Y=1500.000 Z=40.000) RuntimeGrid:None EditorOnly:0 RuntimeOnly:0 HLODRelevant:1
 |   |   |- Guid:602AFDC040283EDC33773A92B0F8B8F8 BaseClass:/Game/ThirdPerson/Blueprints/Grid_BP.Grid_BP_C NativeClass:/Script/ElementalEncounters.Grid Name:Grid_BP_C_UAID_E0D55EB58B9FC9A101_1610370664 Label:Grid_BP25 SpatiallyLoaded:1 Bounds:IsValid=true, Min=(X=870.000 Y=770.000 Z=-0.000), Max=(X=1030.000 Y=930.000 Z=240.000) RuntimeGrid:None EditorOnly:0 RuntimeOnly:0 HLODRelevant:0
 |   |   |- Guid:618B644D4E4983EC063FCF976138257B BaseClass:/Game/ThirdPerson/Blueprints/Grid_BP.Grid_BP_C NativeClass:/Script/ElementalEncounters.Grid Name:Grid_BP_C_UAID_E0D55EB58B9FC9A101_1610381669 Label:Grid_BP30 SpatiallyLoaded:1 Bounds:IsValid=true, Min=(X=870.000 Y=1270.000 Z=-0.000), Max=(X=1030.000 Y=1430.000 Z=240.000) RuntimeGrid:None EditorOnly:0 RuntimeOnly:0 HLODRelevant:0
 |   |   |- Guid:66309CDF4B31B1B5CC4A95950C2EF1E2 BaseClass:/Game/ThirdPerson/Blueprints/Grid_BP.Grid_BP_C NativeClass:/Script/ElementalEncounters.Grid Name:Grid_BP_C_UAID_E0D55EB58B9FC9A101_1606252657 Label:Grid_BP18 SpatiallyLoaded:1 Bounds:IsValid=true, Min=(X=1070.000 Y=1270.000 Z=-0.000), Max=(X=1230.000 Y=1430.000 Z=240.000) RuntimeGrid:None EditorOnly:0 RuntimeOnly:0 HLODRelevant:0
 |   |   |- Guid:664A87DA48B6EE38C0ACEA9AEDBA4BA0 BaseClass: NativeClass:/Script/Engine.TextRenderActor Name:TextRenderActor_1 Label:TextRenderActor SpatiallyLoaded:1 Bounds:IsValid=true, Min=(X=-0.100 Y=1100.000 Z=65.013), Max=(X=-0.100 Y=2392.308 Z=215.013) RuntimeGrid:None EditorOnly:0 RuntimeOnly:0 HLODRelevant:0
 |   |   |- Guid:6736EC8D449C0498942C3CB786F6841F BaseClass:/Game/ThirdPerson/Blueprints/Grid_BP.Grid_BP_C NativeClass:/Script/ElementalEncounters.Grid Name:Grid_BP_C_UAID_E0D55EB58B9FC9A101_1591685643 Label:Grid_BP5 SpatiallyLoaded:1 Bounds:IsValid=true, Min=(X=1270.000 Y=1170.000 Z=-0.000), Max=(X=1430.000 Y=1330.000 Z=240.000) RuntimeGrid:None EditorOnly:0 RuntimeOnly:0 HLODRelevant:0
 |   |   |- Guid:69D8E13D41E46D58CE2EEF99000F1C2F BaseClass:/Game/ThirdPerson/Blueprints/GridManager_BP.GridManager_BP_C NativeClass:/Script/ElementalEncounters.GridManager Name:GridManager_C_UAID_E0D55EB58B9FC3A101_1930241495 Label:GridManager SpatiallyLoaded:1 Bounds:IsValid=true, Min=(X=1539.175 Y=1010.000 Z=0.000), Max=(X=2040.825 Y=1010.000 Z=97.335) RuntimeGrid:None EditorOnly:0 RuntimeOnly:0 HLODRelevant:0
 |   |   |- Guid:788903924598EC8109F9709A8AB41C0D BaseClass: NativeClass:/Script/Engine.WorldDataLayers Name:WorldDataLayers Label:WorldDataLayers-1 SpatiallyLoaded:0 Bounds:IsValid=true, Min=(X=0.000 Y=0.000 Z=0.000), Max=(X=0.000 Y=0.000 Z=0.000) RuntimeGrid:None EditorOnly:0 RuntimeOnly:0 HLODRelevant:0
 |   |   |- Guid:79EC88B54618D0FED05689919DDF333D BaseClass:/Game/ThirdPerson/Blueprints/Grid_BP.Grid_BP_C NativeClass:/Script/ElementalEncounters.Grid Name:Grid_BP_C_UAID_E0D55EB58B9FC9A101_1612248670 Label:Grid_BP31 SpatiallyLoaded:1 Bounds:IsValid=true, Min=(X=770.000 Y=770.000 Z=-0.000), Max=(X=930.000 Y=930.000 Z=240.000) RuntimeGrid:None EditorOnly:0 RuntimeOnly:0 HLODRelevant:0
 |   |   |- Guid:7AD629B54523948D021AEFB1CE98EC2B BaseClass: NativeClass:/Script/Engine.StaticMeshActor Name:StaticMeshActor_UAID_E0D55EB58B9FC8A101_2057994402 Label:SM_Cube15 SpatiallyLoaded:1 Bounds:IsValid=true, Min=(X=-400.000 Y=0.000 Z=-50.000), Max=(X=2600.000 Y=3500.000 Z=0.000) RuntimeGrid:None EditorOnly:0 RuntimeOnly:0 HLODRelevant:1 FolderPath:Playground FolderGuid:8CD33C9A4E75AD59B95486AC740693D6
 |   |   |- Guid:7B3960D6416A84A4D57B018F5D4232B3 BaseClass: NativeClass:/Script/Engine.StaticMeshActor Name:StaticMeshActor_UAID_E0D55EB58B9FFCA101_1210504529 Label:Cube3 SpatiallyLoaded:1 Bounds:IsValid=true, Min=(X=700.000 Y=700.000 Z=-60.000), Max=(X=1500.000 Y=800.000 Z=40.000) RuntimeGrid:None EditorOnly:0 RuntimeOnly:0 HLODRelevant:1
 |   |   |- Guid:7E32E0C74A2A353DACA0C69317A34FB1 BaseClass:/Game/ThirdPerson/Blueprints/Grid_BP.Grid_BP_C NativeClass:/Script/ElementalEncounters.Grid Name:Grid_BP_C_UAID_E0D55EB58B9FC9A101_1606248655 Label:Grid_BP16 SpatiallyLoaded:1 Bounds:IsValid=true, Min=(X=1070.000 Y=1070.000 Z=-0.000), Max=(X=1230.000 Y=1230.000 Z=240.000) RuntimeGrid:None EditorOnly:0 RuntimeOnly:0 HLODRelevant:0
 |   |   |- Guid:89C3172449EBCBD451AC28A0B8158D9C BaseClass:/Game/ThirdPerson/Blueprints/Grid_BP.Grid_BP_C NativeClass:/Script/ElementalEncounters.Grid Name:Grid_BP_C_UAID_E0D55EB58B9FC9A101_1586918641 Label:Grid_BP3 SpatiallyLoaded:1 Bounds:IsValid=true, Min=(X=1270.000 Y=970.000 Z=-0.000), Max=(X=1430.000 Y=1130.000 Z=240.000) RuntimeGrid:None EditorOnly:0 RuntimeOnly:0 HLODRelevant:0
 |   |   |- Guid:8A277B834C2C3734C4C2E49318526C5B BaseClass:/Game/ThirdPerson/Blueprints/Grid_BP.Grid_BP_C NativeClass:/Script/ElementalEncounters.Grid Name:Grid_BP_C_UAID_E0D55EB58B9FC9A101_1612256673 Label:Grid_BP34 SpatiallyLoaded:1 Bounds:IsValid=true, Min=(X=770.000 Y=1070.000 Z=-0.000), Max=(X=930.000 Y=1230.000 Z=240.000) RuntimeGrid:None EditorOnly:0 RuntimeOnly:0 HLODRelevant:0
 |   |   |- Guid:8D1B4B7047A597C26E2B7F930132C799 BaseClass:/Game/ThirdPerson/Blueprints/Grid_BP.Grid_BP_C NativeClass:/Script/ElementalEncounters.Grid Name:Grid_BP_C_UAID_E0D55EB58B9FC9A101_1604370649 Label:Grid_BP10 SpatiallyLoaded:1 Bounds:IsValid=true, Min=(X=1170.000 Y=1070.000 Z=-0.000), Max=(X=1330.000 Y=1230.000 Z=240.000) RuntimeGrid:None EditorOnly:0 RuntimeOnly:0 HLODRelevant:0
 |   |   |- Guid:99C7156549EF42194DBE0BAC799527A5 BaseClass:/Game/ThirdPerson/Blueprints/Grid_BP.Grid_BP_C NativeClass:/Script/ElementalEncounters.Grid Name:Grid_BP_C_UAID_E0D55EB58B9FC9A101_1604366647 Label:Grid_BP8 SpatiallyLoaded:1 Bounds:IsValid=true, Min=(X=1170.000 Y=870.000 Z=-0.000), Max=(X=1330.000 Y=1030.000 Z=240.000) RuntimeGrid:None EditorOnly:0 RuntimeOnly:0 HLODRelevant:0
 |   |   |- Guid:9FFE6665469AE829D82050A8B1F67178 BaseClass: NativeClass:/Script/Engine.DirectionalLight Name:DirectionalLight_1 Label:DirectionalLight SpatiallyLoaded:0 Bounds:IsValid=true, Min=(X=-1048576.000 Y=-1048576.000 Z=-1048576.000), Max=(X=1048576.000 Y=1048576.000 Z=1048576.000) RuntimeGrid:None EditorOnly:0 RuntimeOnly:0 HLODRelevant:0 FolderPath:Lighting FolderGuid:08A10B054C95868C663DE39EE4343813
 |   |   |- Guid:A85A7AD046A0462D176E6889992C1216 BaseClass: NativeClass:/Script/Engine.PostProcessVolume Name:PostProcessVolume_0 Label:PostProcessVolume SpatiallyLoaded:0 Bounds:IsValid=true, Min=(X=0.000 Y=0.000 Z=400.000), Max=(X=200.000 Y=200.000 Z=600.000) RuntimeGrid:None EditorOnly:0 RuntimeOnly:0 HLODRelevant:0 FolderPath:Lighting FolderGuid:08A10B054C95868C663DE39EE4343813
 |   |   |- Guid:AB55EF2341055DCA6B4B269FFE8EDF0D BaseClass:/Game/ThirdPerson/Blueprints/Grid_BP.Grid_BP_C NativeClass:/Script/ElementalEncounters.Grid Name:Grid_BP_C_UAID_E0D55EB58B9FC9A101_1606245653 Label:Grid_BP14 SpatiallyLoaded:1 Bounds:IsValid=true, Min=(X=1070.000 Y=870.000 Z=-0.000), Max=(X=1230.000 Y=1030.000 Z=240.000) RuntimeGrid:None EditorOnly:0 RuntimeOnly:0 HLODRelevant:0
 |   |   |- Guid:B23C247D4E34A96052E563A19E79FA75 BaseClass: NativeClass:/Script/Engine.ExponentialHeightFog Name:ExponentialHeightFog_1 Label:ExponentialHeightFog SpatiallyLoaded:0 Bounds:IsValid=true, Min=(X=-5600.000 Y=-50.000 Z=-6850.000), Max=(X=-5600.000 Y=-50.000 Z=-6850.000) RuntimeGrid:None EditorOnly:0 RuntimeOnly:0 HLODRelevant:0 FolderPath:Lighting FolderGuid:08A10B054C95868C663DE39EE4343813
 |   |   |- Guid:B3038C9D4BAAECCD1130D0966B6DFD06 BaseClass:/Game/ThirdPerson/Blueprints/Grid_BP.Grid_BP_C NativeClass:/Script/ElementalEncounters.Grid Name:Grid_BP_C_UAID_E0D55EB58B9FC9A101_1608282659 Label:Grid_BP20 SpatiallyLoaded:1 Bounds:IsValid=true, Min=(X=970.000 Y=870.000 Z=-0.000), Max=(X=1130.000 Y=1030.000 Z=240.000) RuntimeGrid:None EditorOnly:0 RuntimeOnly:0 HLODRelevant:0
 |   |   |- Guid:BA63D9924438F22F588BCC923F291579 BaseClass:/Game/ThirdPerson/Blueprints/Grid_BP.Grid_BP_C NativeClass:/Script/ElementalEncounters.Grid Name:Grid_BP_C_UAID_E0D55EB58B9FC9A101_1612259674 Label:Grid_BP35 SpatiallyLoaded:1 Bounds:IsValid=true, Min=(X=770.000 Y=1170.000 Z=-0.000), Max=(X=930.000 Y=1330.000 Z=240.000) RuntimeGrid:None EditorOnly:0 RuntimeOnly:0 HLODRelevant:0
 |   |   |- Guid:BD2D8AA44BD5DA0133A5B09382D1E7D6 BaseClass: NativeClass:/Script/Engine.StaticMeshActor Name:StaticMeshActor_UAID_E0D55EB58B9FC8A101_2053918389 Label:SM_Cube14 SpatiallyLoaded:1 Bounds:IsValid=true, Min=(X=-200.000 Y=0.000 Z=-50.000), Max=(X=2800.000 Y=3500.000 Z=0.000) RuntimeGrid:None EditorOnly:0 RuntimeOnly:0 HLODRelevant:1 FolderPath:Playground FolderGuid:8CD33C9A4E75AD59B95486AC740693D6
 |   |   |- Guid:BD430F5245E33ECC56F7628FBABC5D84 BaseClass: NativeClass:/Script/Engine.StaticMeshActor Name:StaticMeshActor_33 Label:SM_Cube SpatiallyLoaded:1 Bounds:IsValid=true, Min=(X=0.000 Y=0.000 Z=-50.000), Max=(X=3000.000 Y=3500.000 Z=0.000) RuntimeGrid:None EditorOnly:0 RuntimeOnly:0 HLODRelevant:1 FolderPath:Playground FolderGuid:8CD33C9A4E75AD59B95486AC740693D6
 |   |   |- Guid:C726A3284B806D4C379405885740B688 BaseClass: NativeClass:/Script/Engine.PlayerStart Name:PlayerStart_0 Label:PlayerStart SpatiallyLoaded:0 Bounds:IsValid=true, Min=(X=860.000 Y=1230.000 Z=0.013), Max=(X=940.000 Y=1310.000 Z=184.013) RuntimeGrid:None EditorOnly:0 RuntimeOnly:0 HLODRelevant:0
 |   |   |- Guid:C768943D43B1D4FCC4C0F098EBF7CAC9 BaseClass: NativeClass:/Script/Engine.StaticMeshActor Name:StaticMeshActor_36 Label:SM_Cube2 SpatiallyLoaded:1 Bounds:IsValid=true, Min=(X=0.000 Y=0.000 Z=0.000), Max=(X=3000.000 Y=100.000 Z=400.000) RuntimeGrid:None EditorOnly:0 RuntimeOnly:0 HLODRelevant:1 FolderPath:Playground FolderGuid:8CD33C9A4E75AD59B95486AC740693D6
 |   |   |- Guid:C91325DC45FB5EDFE2CE4E8FAA56A3C3 BaseClass:/Game/ThirdPerson/Blueprints/Grid_BP.Grid_BP_C NativeClass:/Script/ElementalEncounters.Grid Name:Grid_BP_C_UAID_E0D55EB58B9FC9A101_1604363646 Label:Grid_BP7 SpatiallyLoaded:1 Bounds:IsValid=true, Min=(X=1170.000 Y=770.000 Z=-0.000), Max=(X=1330.000 Y=930.000 Z=240.000) RuntimeGrid:None EditorOnly:0 RuntimeOnly:0 HLODRelevant:0
 |   |   |- Guid:CC219ED045E0125ABEB0FAA53A6B986B BaseClass:/Game/ThirdPerson/Blueprints/Enemy_BP.Enemy_BP_C NativeClass:/Script/ElementalEncounters.Enemy Name:Enemy_BP_C_UAID_E0D55EB58B9F05A201_2048751113 Label:Enemy_BP2 SpatiallyLoaded:1 Bounds:IsValid=true, Min=(X=1656.000 Y=906.000 Z=0.000), Max=(X=1724.000 Y=974.000 Z=176.000) RuntimeGrid:None EditorOnly:0 RuntimeOnly:0 HLODRelevant:0
 |   |   |- Guid:D4C0995D45CC86D05D31CF8D692CC645 BaseClass: NativeClass:/Script/Engine.StaticMeshActor Name:StaticMeshActor_UAID_E0D55EB58B9FFCA101_1173620527 Label:Cube SpatiallyLoaded:1 Bounds:IsValid=true, Min=(X=1500.000 Y=700.000 Z=-60.000), Max=(X=1600.000 Y=1500.000 Z=40.000) RuntimeGrid:None EditorOnly:0 RuntimeOnly:0 HLODRelevant:1
 |   |   |- Guid:E3C441CA45B57E2B3AB080A2D7DF37EF BaseClass:/Game/ThirdPerson/Blueprints/Grid_BP.Grid_BP_C NativeClass:/Script/ElementalEncounters.Grid Name:Grid_BP_C_UAID_E0D55EB58B9FC9A101_1610376666 Label:Grid_BP27 SpatiallyLoaded:1 Bounds:IsValid=true, Min=(X=870.000 Y=970.000 Z=-0.000), Max=(X=1030.000 Y=1130.000 Z=240.000) RuntimeGrid:None EditorOnly:0 RuntimeOnly:0 HLODRelevant:0
 |   |   |- Guid:E742D68F403B8BDEE3CA7B883081A7DA BaseClass:/Game/ThirdPerson/Blueprints/Grid_BP.Grid_BP_C NativeClass:/Script/ElementalEncounters.Grid Name:Grid_BP_C_UAID_E0D55EB58B9FC9A101_1606246654 Label:Grid_BP15 SpatiallyLoaded:1 Bounds:IsValid=true, Min=(X=1070.000 Y=970.000 Z=-0.000), Max=(X=1230.000 Y=1130.000 Z=240.000) RuntimeGrid:None EditorOnly:0 RuntimeOnly:0 HLODRelevant:0
 |   |   |- Guid:E7C88B004DFFF4BE08155AB223A0EF2C BaseClass: NativeClass:/Script/Engine.SkyAtmosphere Name:SkyAtmosphere_1 Label:SkyAtmosphere SpatiallyLoaded:0 Bounds:IsValid=true, Min=(X=0.000 Y=0.000 Z=1020.000), Max=(X=0.000 Y=0.000 Z=1020.000) RuntimeGrid:None EditorOnly:0 RuntimeOnly:0 HLODRelevant:0 FolderPath:Lighting FolderGuid:08A10B054C95868C663DE39EE4343813
 |   |   |- Guid:EA664199490A6274B68EDFB5D8DF5144 BaseClass:/Game/ThirdPerson/Blueprints/Grid_BP.Grid_BP_C NativeClass:/Script/ElementalEncounters.Grid Name:Grid_BP_C_UAID_E0D55EB58B9FC9A101_1576471639 Label:Grid_BP SpatiallyLoaded:1 Bounds:IsValid=true, Min=(X=1270.000 Y=770.000 Z=-0.000), Max=(X=1430.000 Y=930.000 Z=240.000) RuntimeGrid:None EditorOnly:0 RuntimeOnly:0 HLODRelevant:0
 |   |   |- Guid:ECF7DFF54DE28214A01D249B1B1CA773 BaseClass: NativeClass:/Script/Engine.StaticMeshActor Name:StaticMeshActor_42 Label:SM_Cube5 SpatiallyLoaded:1 Bounds:IsValid=true, Min=(X=-0.000 Y=100.000 Z=0.000), Max=(X=100.000 Y=3400.000 Z=400.000) RuntimeGrid:None EditorOnly:0 RuntimeOnly:0 HLODRelevant:1 FolderPath:Playground FolderGuid:8CD33C9A4E75AD59B95486AC740693D6
 |   |   |- Guid:EF2D62E9468BFB6CC45A46B232DA99C9 BaseClass:/Game/ThirdPerson/Blueprints/Grid_BP.Grid_BP_C NativeClass:/Script/ElementalEncounters.Grid Name:Grid_BP_C_UAID_E0D55EB58B9FC9A101_1608285660 Label:Grid_BP21 SpatiallyLoaded:1 Bounds:IsValid=true, Min=(X=970.000 Y=970.000 Z=-0.000), Max=(X=1130.000 Y=1130.000 Z=240.000) RuntimeGrid:None EditorOnly:0 RuntimeOnly:0 HLODRelevant:0
 |   |   |- Guid:F6974391454BE3281D0A9AAB775EBFF6 BaseClass: NativeClass:/Script/Engine.StaticMeshActor Name:StaticMeshActor_43 Label:SM_Cube6 SpatiallyLoaded:1 Bounds:IsValid=true, Min=(X=2900.000 Y=100.000 Z=0.000), Max=(X=3000.000 Y=3400.000 Z=400.000) RuntimeGrid:None EditorOnly:0 RuntimeOnly:0 HLODRelevant:1 FolderPath:Playground FolderGuid:8CD33C9A4E75AD59B95486AC740693D6
 |   |   |- Guid:F91A7F9B4A3C630E3EE15592A09B4A19 BaseClass:/Game/ThirdPerson/Blueprints/Grid_BP.Grid_BP_C NativeClass:/Script/ElementalEncounters.Grid Name:Grid_BP_C_UAID_E0D55EB58B9FC9A101_1608280658 Label:Grid_BP19 SpatiallyLoaded:1 Bounds:IsValid=true, Min=(X=970.000 Y=770.000 Z=-0.000), Max=(X=1130.000 Y=930.000 Z=240.000) RuntimeGrid:None EditorOnly:0 RuntimeOnly:0 HLODRelevant:0
 |   |   |- Guid:F9E3B2FE41A7DFF34648BBADF44596D3 BaseClass:/Game/ThirdPerson/Blueprints/Grid_BP.Grid_BP_C NativeClass:/Script/ElementalEncounters.Grid Name:Grid_BP_C_UAID_E0D55EB58B9FC9A101_1608286661 Label:Grid_BP22 SpatiallyLoaded:1 Bounds:IsValid=true, Min=(X=970.000 Y=1070.000 Z=-0.000), Max=(X=1130.000 Y=1230.000 Z=240.000) RuntimeGrid:None EditorOnly:0 RuntimeOnly:0 HLODRelevant:0
 |   |   |- Guid:FC2659D1462E0C2787253D85D4D3D619 BaseClass: NativeClass:/Script/Engine.StaticMeshActor Name:StaticMeshActor_37 Label:SM_Cube3 SpatiallyLoaded:1 Bounds:IsValid=true, Min=(X=0.000 Y=3400.000 Z=0.000), Max=(X=3000.000 Y=3500.000 Z=400.000) RuntimeGrid:None EditorOnly:0 RuntimeOnly:0 HLODRelevant:1 FolderPath:Playground FolderGuid:8CD33C9A4E75AD59B95486AC740693D6
 |   |- [+] Clusters:
 |   |   |- [+] [  0]
 |   |   |   |- Guid:788903924598EC8109F9709A8AB41C0D BaseClass: NativeClass:/Script/Engine.WorldDataLayers Name:WorldDataLayers Label:WorldDataLayers-1 SpatiallyLoaded:0 Bounds:IsValid=true, Min=(X=0.000 Y=0.000 Z=0.000), Max=(X=0.000 Y=0.000 Z=0.000) RuntimeGrid:None EditorOnly:0 RuntimeOnly:0 HLODRelevant:0
 |   |   |- [+] [  1]
 |   |   |   |- Guid:D4C0995D45CC86D05D31CF8D692CC645 BaseClass: NativeClass:/Script/Engine.StaticMeshActor Name:StaticMeshActor_UAID_E0D55EB58B9FFCA101_1173620527 Label:Cube SpatiallyLoaded:1 Bounds:IsValid=true, Min=(X=1500.000 Y=700.000 Z=-60.000), Max=(X=1600.000 Y=1500.000 Z=40.000) RuntimeGrid:None EditorOnly:0 RuntimeOnly:0 HLODRelevant:1
 |   |   |- [+] [  2]
 |   |   |   |- Guid:B3038C9D4BAAECCD1130D0966B6DFD06 BaseClass:/Game/ThirdPerson/Blueprints/Grid_BP.Grid_BP_C NativeClass:/Script/ElementalEncounters.Grid Name:Grid_BP_C_UAID_E0D55EB58B9FC9A101_1608282659 Label:Grid_BP20 SpatiallyLoaded:1 Bounds:IsValid=true, Min=(X=970.000 Y=870.000 Z=-0.000), Max=(X=1130.000 Y=1030.000 Z=240.000) RuntimeGrid:None EditorOnly:0 RuntimeOnly:0 HLODRelevant:0
 |   |   |- [+] [  3]
 |   |   |   |- Guid:7B3960D6416A84A4D57B018F5D4232B3 BaseClass: NativeClass:/Script/Engine.StaticMeshActor Name:StaticMeshActor_UAID_E0D55EB58B9FFCA101_1210504529 Label:Cube3 SpatiallyLoaded:1 Bounds:IsValid=true, Min=(X=700.000 Y=700.000 Z=-60.000), Max=(X=1500.000 Y=800.000 Z=40.000) RuntimeGrid:None EditorOnly:0 RuntimeOnly:0 HLODRelevant:1
 |   |   |- [+] [  4]
 |   |   |   |- Guid:3F1FF22D4F00306C84EA31A9B69F4B22 BaseClass:/Game/ThirdPerson/Blueprints/Grid_BP.Grid_BP_C NativeClass:/Script/ElementalEncounters.Grid Name:Grid_BP_C_UAID_E0D55EB58B9FC9A101_1610374665 Label:Grid_BP26 SpatiallyLoaded:1 Bounds:IsValid=true, Min=(X=870.000 Y=870.000 Z=-0.000), Max=(X=1030.000 Y=1030.000 Z=240.000) RuntimeGrid:None EditorOnly:0 RuntimeOnly:0 HLODRelevant:0
 |   |   |- [+] [  5]
 |   |   |   |- Guid:8A277B834C2C3734C4C2E49318526C5B BaseClass:/Game/ThirdPerson/Blueprints/Grid_BP.Grid_BP_C NativeClass:/Script/ElementalEncounters.Grid Name:Grid_BP_C_UAID_E0D55EB58B9FC9A101_1612256673 Label:Grid_BP34 SpatiallyLoaded:1 Bounds:IsValid=true, Min=(X=770.000 Y=1070.000 Z=-0.000), Max=(X=930.000 Y=1230.000 Z=240.000) RuntimeGrid:None EditorOnly:0 RuntimeOnly:0 HLODRelevant:0
 |   |   |- [+] [  6]
 |   |   |   |- Guid:0F6982234756115B7C2D5DBB37200B54 BaseClass:/Game/ThirdPerson/Blueprints/Grid_BP.Grid_BP_C NativeClass:/Script/ElementalEncounters.Grid Name:Grid_BP_C_UAID_E0D55EB58B9FC9A101_1610378667 Label:Grid_BP28 SpatiallyLoaded:1 Bounds:IsValid=true, Min=(X=870.000 Y=1070.000 Z=-0.000), Max=(X=1030.000 Y=1230.000 Z=240.000) RuntimeGrid:None EditorOnly:0 RuntimeOnly:0 HLODRelevant:0
 |   |   |- [+] [  7]
 |   |   |   |- Guid:53AAC96247230F99709E41A5DC0A2E06 BaseClass:/Game/ThirdPerson/Blueprints/Grid_BP.Grid_BP_C NativeClass:/Script/ElementalEncounters.Grid Name:Grid_BP_C_UAID_E0D55EB58B9FC9A101_1604373651 Label:Grid_BP12 SpatiallyLoaded:1 Bounds:IsValid=true, Min=(X=1170.000 Y=1270.000 Z=-0.000), Max=(X=1330.000 Y=1430.000 Z=240.000) RuntimeGrid:None EditorOnly:0 RuntimeOnly:0 HLODRelevant:0
 |   |   |- [+] [  8]
 |   |   |   |- Guid:A85A7AD046A0462D176E6889992C1216 BaseClass: NativeClass:/Script/Engine.PostProcessVolume Name:PostProcessVolume_0 Label:PostProcessVolume SpatiallyLoaded:0 Bounds:IsValid=true, Min=(X=0.000 Y=0.000 Z=400.000), Max=(X=200.000 Y=200.000 Z=600.000) RuntimeGrid:None EditorOnly:0 RuntimeOnly:0 HLODRelevant:0 FolderPath:Lighting FolderGuid:08A10B054C95868C663DE39EE4343813
 |   |   |- [+] [  9]
 |   |   |   |- Guid:54DE2DF342EA7FD613931CA352E9F132 BaseClass:/Game/ThirdPerson/Blueprints/Grid_BP.Grid_BP_C NativeClass:/Script/ElementalEncounters.Grid Name:Grid_BP_C_UAID_E0D55EB58B9FC9A101_1608290663 Label:Grid_BP24 SpatiallyLoaded:1 Bounds:IsValid=true, Min=(X=970.000 Y=1270.000 Z=-0.000), Max=(X=1130.000 Y=1430.000 Z=240.000) RuntimeGrid:None EditorOnly:0 RuntimeOnly:0 HLODRelevant:0
 |   |   |- [+] [ 10]
 |   |   |   |- Guid:9FFE6665469AE829D82050A8B1F67178 BaseClass: NativeClass:/Script/Engine.DirectionalLight Name:DirectionalLight_1 Label:DirectionalLight SpatiallyLoaded:0 Bounds:IsValid=true, Min=(X=-1048576.000 Y=-1048576.000 Z=-1048576.000), Max=(X=1048576.000 Y=1048576.000 Z=1048576.000) RuntimeGrid:None EditorOnly:0 RuntimeOnly:0 HLODRelevant:0 FolderPath:Lighting FolderGuid:08A10B054C95868C663DE39EE4343813
 |   |   |- [+] [ 11]
 |   |   |   |- Guid:1BA8875E4D825D2C8A8D26B7A259DEDB BaseClass:/Game/ThirdPerson/Blueprints/Grid_BP.Grid_BP_C NativeClass:/Script/ElementalEncounters.Grid Name:Grid_BP_C_UAID_E0D55EB58B9FC9A101_1610379668 Label:Grid_BP29 SpatiallyLoaded:1 Bounds:IsValid=true, Min=(X=870.000 Y=1170.000 Z=-0.000), Max=(X=1030.000 Y=1330.000 Z=240.000) RuntimeGrid:None EditorOnly:0 RuntimeOnly:0 HLODRelevant:0
 |   |   |- [+] [ 12]
 |   |   |   |- Guid:664A87DA48B6EE38C0ACEA9AEDBA4BA0 BaseClass: NativeClass:/Script/Engine.TextRenderActor Name:TextRenderActor_1 Label:TextRenderActor SpatiallyLoaded:1 Bounds:IsValid=true, Min=(X=-0.100 Y=1100.000 Z=65.013), Max=(X=-0.100 Y=2392.308 Z=215.013) RuntimeGrid:None EditorOnly:0 RuntimeOnly:0 HLODRelevant:0
 |   |   |- [+] [ 13]
 |   |   |   |- Guid:4F7B735A44E12B4B031927A9FC21C460 BaseClass: NativeClass:/Script/Engine.VolumetricCloud Name:VolumetricCloud_1 Label:VolumetricCloud SpatiallyLoaded:0 Bounds:IsValid=true, Min=(X=0.000 Y=0.000 Z=820.000), Max=(X=0.000 Y=0.000 Z=820.000) RuntimeGrid:None EditorOnly:0 RuntimeOnly:0 HLODRelevant:0 FolderPath:Lighting FolderGuid:08A10B054C95868C663DE39EE4343813
 |   |   |- [+] [ 14]
 |   |   |   |- Guid:AB55EF2341055DCA6B4B269FFE8EDF0D BaseClass:/Game/ThirdPerson/Blueprints/Grid_BP.Grid_BP_C NativeClass:/Script/ElementalEncounters.Grid Name:Grid_BP_C_UAID_E0D55EB58B9FC9A101_1606245653 Label:Grid_BP14 SpatiallyLoaded:1 Bounds:IsValid=true, Min=(X=1070.000 Y=870.000 Z=-0.000), Max=(X=1230.000 Y=1030.000 Z=240.000) RuntimeGrid:None EditorOnly:0 RuntimeOnly:0 HLODRelevant:0
 |   |   |- [+] [ 15]
 |   |   |   |- Guid:5DA762E946C5A5F820AAD8AC0BC81E79 BaseClass:/Game/ThirdPerson/Blueprints/Grid_BP.Grid_BP_C NativeClass:/Script/ElementalEncounters.Grid Name:Grid_BP_C_UAID_E0D55EB58B9FC9A101_1604368648 Label:Grid_BP9 SpatiallyLoaded:1 Bounds:IsValid=true, Min=(X=1170.000 Y=970.000 Z=-0.000), Max=(X=1330.000 Y=1130.000 Z=240.000) RuntimeGrid:None EditorOnly:0 RuntimeOnly:0 HLODRelevant:0
 |   |   |- [+] [ 16]
 |   |   |   |- Guid:7E32E0C74A2A353DACA0C69317A34FB1 BaseClass:/Game/ThirdPerson/Blueprints/Grid_BP.Grid_BP_C NativeClass:/Script/ElementalEncounters.Grid Name:Grid_BP_C_UAID_E0D55EB58B9FC9A101_1606248655 Label:Grid_BP16 SpatiallyLoaded:1 Bounds:IsValid=true, Min=(X=1070.000 Y=1070.000 Z=-0.000), Max=(X=1230.000 Y=1230.000 Z=240.000) RuntimeGrid:None EditorOnly:0 RuntimeOnly:0 HLODRelevant:0
 |   |   |- [+] [ 17]
 |   |   |   |- Guid:69D8E13D41E46D58CE2EEF99000F1C2F BaseClass:/Game/ThirdPerson/Blueprints/GridManager_BP.GridManager_BP_C NativeClass:/Script/ElementalEncounters.GridManager Name:GridManager_C_UAID_E0D55EB58B9FC3A101_1930241495 Label:GridManager SpatiallyLoaded:1 Bounds:IsValid=true, Min=(X=1539.175 Y=1010.000 Z=0.000), Max=(X=2040.825 Y=1010.000 Z=97.335) RuntimeGrid:None EditorOnly:0 RuntimeOnly:0 HLODRelevant:0
 |   |   |- [+] [ 18]
 |   |   |   |- Guid:C768943D43B1D4FCC4C0F098EBF7CAC9 BaseClass: NativeClass:/Script/Engine.StaticMeshActor Name:StaticMeshActor_36 Label:SM_Cube2 SpatiallyLoaded:1 Bounds:IsValid=true, Min=(X=0.000 Y=0.000 Z=0.000), Max=(X=3000.000 Y=100.000 Z=400.000) RuntimeGrid:None EditorOnly:0 RuntimeOnly:0 HLODRelevant:1 FolderPath:Playground FolderGuid:8CD33C9A4E75AD59B95486AC740693D6
 |   |   |- [+] [ 19]
 |   |   |   |- Guid:6736EC8D449C0498942C3CB786F6841F BaseClass:/Game/ThirdPerson/Blueprints/Grid_BP.Grid_BP_C NativeClass:/Script/ElementalEncounters.Grid Name:Grid_BP_C_UAID_E0D55EB58B9FC9A101_1591685643 Label:Grid_BP5 SpatiallyLoaded:1 Bounds:IsValid=true, Min=(X=1270.000 Y=1170.000 Z=-0.000), Max=(X=1430.000 Y=1330.000 Z=240.000) RuntimeGrid:None EditorOnly:0 RuntimeOnly:0 HLODRelevant:0
 |   |   |- [+] [ 20]
 |   |   |   |- Guid:5C7C5C40408F48C386D06CA03AB130C2 BaseClass: NativeClass:/Script/Engine.StaticMeshActor Name:StaticMeshActor_UAID_A4AE111137DC5EFB00_1594956423 Label:SM_SkySphere SpatiallyLoaded:0 Bounds:IsValid=true, Min=(X=-1638400.000 Y=-1638400.000 Z=-1638400.000), Max=(X=1638400.000 Y=1638400.000 Z=1638400.000) RuntimeGrid:None EditorOnly:0 RuntimeOnly:0 HLODRelevant:1 FolderPath:Lighting FolderGuid:08A10B054C95868C663DE39EE4343813
 |   |   |- [+] [ 21]
 |   |   |   |- Guid:BA63D9924438F22F588BCC923F291579 BaseClass:/Game/ThirdPerson/Blueprints/Grid_BP.Grid_BP_C NativeClass:/Script/ElementalEncounters.Grid Name:Grid_BP_C_UAID_E0D55EB58B9FC9A101_1612259674 Label:Grid_BP35 SpatiallyLoaded:1 Bounds:IsValid=true, Min=(X=770.000 Y=1170.000 Z=-0.000), Max=(X=930.000 Y=1330.000 Z=240.000) RuntimeGrid:None EditorOnly:0 RuntimeOnly:0 HLODRelevant:0
 |   |   |- [+] [ 22]
 |   |   |   |- Guid:99C7156549EF42194DBE0BAC799527A5 BaseClass:/Game/ThirdPerson/Blueprints/Grid_BP.Grid_BP_C NativeClass:/Script/ElementalEncounters.Grid Name:Grid_BP_C_UAID_E0D55EB58B9FC9A101_1604366647 Label:Grid_BP8 SpatiallyLoaded:1 Bounds:IsValid=true, Min=(X=1170.000 Y=870.000 Z=-0.000), Max=(X=1330.000 Y=1030.000 Z=240.000) RuntimeGrid:None EditorOnly:0 RuntimeOnly:0 HLODRelevant:0
 |   |   |- [+] [ 23]
 |   |   |   |- Guid:66309CDF4B31B1B5CC4A95950C2EF1E2 BaseClass:/Game/ThirdPerson/Blueprints/Grid_BP.Grid_BP_C NativeClass:/Script/ElementalEncounters.Grid Name:Grid_BP_C_UAID_E0D55EB58B9FC9A101_1606252657 Label:Grid_BP18 SpatiallyLoaded:1 Bounds:IsValid=true, Min=(X=1070.000 Y=1270.000 Z=-0.000), Max=(X=1230.000 Y=1430.000 Z=240.000) RuntimeGrid:None EditorOnly:0 RuntimeOnly:0 HLODRelevant:0
 |   |   |- [+] [ 24]
 |   |   |   |- Guid:1AF7B1234344E68DE3887F9D6729262C BaseClass: NativeClass:/Script/Engine.StaticMeshActor Name:StaticMeshActor_UAID_E0D55EB58B9FFCA101_1191087528 Label:Cube2 SpatiallyLoaded:1 Bounds:IsValid=true, Min=(X=700.000 Y=700.000 Z=-60.000), Max=(X=800.000 Y=1500.000 Z=40.000) RuntimeGrid:None EditorOnly:0 RuntimeOnly:0 HLODRelevant:1
 |   |   |- [+] [ 25]
 |   |   |   |- Guid:34F838934E6659F32E4136BC0D5F5FB5 BaseClass:/Game/ThirdPerson/Blueprints/Grid_BP.Grid_BP_C NativeClass:/Script/ElementalEncounters.Grid Name:Grid_BP_C_UAID_E0D55EB58B9FC9A101_1612251671 Label:Grid_BP32 SpatiallyLoaded:1 Bounds:IsValid=true, Min=(X=770.000 Y=870.000 Z=-0.000), Max=(X=930.000 Y=1030.000 Z=240.000) RuntimeGrid:None EditorOnly:0 RuntimeOnly:0 HLODRelevant:0
 |   |   |- [+] [ 26]
 |   |   |   |- Guid:F91A7F9B4A3C630E3EE15592A09B4A19 BaseClass:/Game/ThirdPerson/Blueprints/Grid_BP.Grid_BP_C NativeClass:/Script/ElementalEncounters.Grid Name:Grid_BP_C_UAID_E0D55EB58B9FC9A101_1608280658 Label:Grid_BP19 SpatiallyLoaded:1 Bounds:IsValid=true, Min=(X=970.000 Y=770.000 Z=-0.000), Max=(X=1130.000 Y=930.000 Z=240.000) RuntimeGrid:None EditorOnly:0 RuntimeOnly:0 HLODRelevant:0
 |   |   |- [+] [ 27]
 |   |   |   |- Guid:C91325DC45FB5EDFE2CE4E8FAA56A3C3 BaseClass:/Game/ThirdPerson/Blueprints/Grid_BP.Grid_BP_C NativeClass:/Script/ElementalEncounters.Grid Name:Grid_BP_C_UAID_E0D55EB58B9FC9A101_1604363646 Label:Grid_BP7 SpatiallyLoaded:1 Bounds:IsValid=true, Min=(X=1170.000 Y=770.000 Z=-0.000), Max=(X=1330.000 Y=930.000 Z=240.000) RuntimeGrid:None EditorOnly:0 RuntimeOnly:0 HLODRelevant:0
 |   |   |- [+] [ 28]
 |   |   |   |- Guid:BD430F5245E33ECC56F7628FBABC5D84 BaseClass: NativeClass:/Script/Engine.StaticMeshActor Name:StaticMeshActor_33 Label:SM_Cube SpatiallyLoaded:1 Bounds:IsValid=true, Min=(X=0.000 Y=0.000 Z=-50.000), Max=(X=3000.000 Y=3500.000 Z=0.000) RuntimeGrid:None EditorOnly:0 RuntimeOnly:0 HLODRelevant:1 FolderPath:Playground FolderGuid:8CD33C9A4E75AD59B95486AC740693D6
 |   |   |- [+] [ 29]
 |   |   |   |- Guid:23F024B64EC7D9DDD4ECE9958DD553A8 BaseClass:/Game/ThirdPerson/Blueprints/Grid_BP.Grid_BP_C NativeClass:/Script/ElementalEncounters.Grid Name:Grid_BP_C_UAID_E0D55EB58B9FC9A101_1583913640 Label:Grid_BP2 SpatiallyLoaded:1 Bounds:IsValid=true, Min=(X=1270.000 Y=870.000 Z=-0.000), Max=(X=1430.000 Y=1030.000 Z=240.000) RuntimeGrid:None EditorOnly:0 RuntimeOnly:0 HLODRelevant:0
 |   |   |- [+] [ 30]
 |   |   |   |- Guid:174DF71143EA367D14F3838C26CC06DF BaseClass: NativeClass:/Script/Engine.SkyLight Name:SkyLight_0 Label:SkyLight SpatiallyLoaded:0 Bounds:IsValid=true, Min=(X=0.000 Y=0.000 Z=690.000), Max=(X=0.000 Y=0.000 Z=690.000) RuntimeGrid:None EditorOnly:0 RuntimeOnly:0 HLODRelevant:0 FolderPath:Lighting FolderGuid:08A10B054C95868C663DE39EE4343813
 |   |   |- [+] [ 31]
 |   |   |   |- Guid:08242C4549AA17D332762CB7B9973163 BaseClass:/Game/ThirdPerson/Blueprints/Grid_BP.Grid_BP_C NativeClass:/Script/ElementalEncounters.Grid Name:Grid_BP_C_UAID_E0D55EB58B9FC9A101_1593905644 Label:Grid_BP6 SpatiallyLoaded:1 Bounds:IsValid=true, Min=(X=1270.000 Y=1270.000 Z=-0.000), Max=(X=1430.000 Y=1430.000 Z=240.000) RuntimeGrid:None EditorOnly:0 RuntimeOnly:0 HLODRelevant:0
 |   |   |- [+] [ 32]
 |   |   |   |- Guid:602AFDC040283EDC33773A92B0F8B8F8 BaseClass:/Game/ThirdPerson/Blueprints/Grid_BP.Grid_BP_C NativeClass:/Script/ElementalEncounters.Grid Name:Grid_BP_C_UAID_E0D55EB58B9FC9A101_1610370664 Label:Grid_BP25 SpatiallyLoaded:1 Bounds:IsValid=true, Min=(X=870.000 Y=770.000 Z=-0.000), Max=(X=1030.000 Y=930.000 Z=240.000) RuntimeGrid:None EditorOnly:0 RuntimeOnly:0 HLODRelevant:0
 |   |   |- [+] [ 33]
 |   |   |   |- Guid:583309C84A2143A5D994CB8E108AD231 BaseClass:/Game/ThirdPerson/Blueprints/Grid_BP.Grid_BP_C NativeClass:/Script/ElementalEncounters.Grid Name:Grid_BP_C_UAID_E0D55EB58B9FC9A101_1612261675 Label:Grid_BP36 SpatiallyLoaded:1 Bounds:IsValid=true, Min=(X=770.000 Y=1270.000 Z=-0.000), Max=(X=930.000 Y=1430.000 Z=240.000) RuntimeGrid:None EditorOnly:0 RuntimeOnly:0 HLODRelevant:0
 |   |   |- [+] [ 34]
 |   |   |   |- Guid:89C3172449EBCBD451AC28A0B8158D9C BaseClass:/Game/ThirdPerson/Blueprints/Grid_BP.Grid_BP_C NativeClass:/Script/ElementalEncounters.Grid Name:Grid_BP_C_UAID_E0D55EB58B9FC9A101_1586918641 Label:Grid_BP3 SpatiallyLoaded:1 Bounds:IsValid=true, Min=(X=1270.000 Y=970.000 Z=-0.000), Max=(X=1430.000 Y=1130.000 Z=240.000) RuntimeGrid:None EditorOnly:0 RuntimeOnly:0 HLODRelevant:0
 |   |   |- [+] [ 35]
 |   |   |   |- Guid:5F051A834F710B7D58E35995295F4492 BaseClass: NativeClass:/Script/Engine.StaticMeshActor Name:StaticMeshActor_UAID_E0D55EB58B9FFCA101_1224828530 Label:Cube4 SpatiallyLoaded:1 Bounds:IsValid=true, Min=(X=700.000 Y=1400.000 Z=-60.000), Max=(X=1500.000 Y=1500.000 Z=40.000) RuntimeGrid:None EditorOnly:0 RuntimeOnly:0 HLODRelevant:1
 |   |   |- [+] [ 36]
 |   |   |   |- Guid:E7C88B004DFFF4BE08155AB223A0EF2C BaseClass: NativeClass:/Script/Engine.SkyAtmosphere Name:SkyAtmosphere_1 Label:SkyAtmosphere SpatiallyLoaded:0 Bounds:IsValid=true, Min=(X=0.000 Y=0.000 Z=1020.000), Max=(X=0.000 Y=0.000 Z=1020.000) RuntimeGrid:None EditorOnly:0 RuntimeOnly:0 HLODRelevant:0 FolderPath:Lighting FolderGuid:08A10B054C95868C663DE39EE4343813
 |   |   |- [+] [ 37]
 |   |   |   |- Guid:559633EE4600AB10F0400FB8FEF47F65 BaseClass:/Game/ThirdPerson/Blueprints/Grid_BP.Grid_BP_C NativeClass:/Script/ElementalEncounters.Grid Name:Grid_BP_C_UAID_E0D55EB58B9FC9A101_1612253672 Label:Grid_BP33 SpatiallyLoaded:1 Bounds:IsValid=true, Min=(X=770.000 Y=970.000 Z=-0.000), Max=(X=930.000 Y=1130.000 Z=240.000) RuntimeGrid:None EditorOnly:0 RuntimeOnly:0 HLODRelevant:0
 |   |   |- [+] [ 38]
 |   |   |   |- Guid:5C40A6034DC1B24CD3F7BC9E2A5E3BAE BaseClass:/Game/ThirdPerson/Blueprints/Grid_BP.Grid_BP_C NativeClass:/Script/ElementalEncounters.Grid Name:Grid_BP_C_UAID_E0D55EB58B9FC9A101_1604371650 Label:Grid_BP11 SpatiallyLoaded:1 Bounds:IsValid=true, Min=(X=1170.000 Y=1170.000 Z=-0.000), Max=(X=1330.000 Y=1330.000 Z=240.000) RuntimeGrid:None EditorOnly:0 RuntimeOnly:0 HLODRelevant:0
 |   |   |- [+] [ 39]
 |   |   |   |- Guid:7AD629B54523948D021AEFB1CE98EC2B BaseClass: NativeClass:/Script/Engine.StaticMeshActor Name:StaticMeshActor_UAID_E0D55EB58B9FC8A101_2057994402 Label:SM_Cube15 SpatiallyLoaded:1 Bounds:IsValid=true, Min=(X=-400.000 Y=0.000 Z=-50.000), Max=(X=2600.000 Y=3500.000 Z=0.000) RuntimeGrid:None EditorOnly:0 RuntimeOnly:0 HLODRelevant:1 FolderPath:Playground FolderGuid:8CD33C9A4E75AD59B95486AC740693D6
 |   |   |- [+] [ 40]
 |   |   |   |- Guid:BD2D8AA44BD5DA0133A5B09382D1E7D6 BaseClass: NativeClass:/Script/Engine.StaticMeshActor Name:StaticMeshActor_UAID_E0D55EB58B9FC8A101_2053918389 Label:SM_Cube14 SpatiallyLoaded:1 Bounds:IsValid=true, Min=(X=-200.000 Y=0.000 Z=-50.000), Max=(X=2800.000 Y=3500.000 Z=0.000) RuntimeGrid:None EditorOnly:0 RuntimeOnly:0 HLODRelevant:1 FolderPath:Playground FolderGuid:8CD33C9A4E75AD59B95486AC740693D6
 |   |   |- [+] [ 41]
 |   |   |   |- Guid:F6974391454BE3281D0A9AAB775EBFF6 BaseClass: NativeClass:/Script/Engine.StaticMeshActor Name:StaticMeshActor_43 Label:SM_Cube6 SpatiallyLoaded:1 Bounds:IsValid=true, Min=(X=2900.000 Y=100.000 Z=0.000), Max=(X=3000.000 Y=3400.000 Z=400.000) RuntimeGrid:None EditorOnly:0 RuntimeOnly:0 HLODRelevant:1 FolderPath:Playground FolderGuid:8CD33C9A4E75AD59B95486AC740693D6
 |   |   |- [+] [ 42]
 |   |   |   |- Guid:FC2659D1462E0C2787253D85D4D3D619 BaseClass: NativeClass:/Script/Engine.StaticMeshActor Name:StaticMeshActor_37 Label:SM_Cube3 SpatiallyLoaded:1 Bounds:IsValid=true, Min=(X=0.000 Y=3400.000 Z=0.000), Max=(X=3000.000 Y=3500.000 Z=400.000) RuntimeGrid:None EditorOnly:0 RuntimeOnly:0 HLODRelevant:1 FolderPath:Playground FolderGuid:8CD33C9A4E75AD59B95486AC740693D6
 |   |   |- [+] [ 43]
 |   |   |   |- Guid:E3C441CA45B57E2B3AB080A2D7DF37EF BaseClass:/Game/ThirdPerson/Blueprints/Grid_BP.Grid_BP_C NativeClass:/Script/ElementalEncounters.Grid Name:Grid_BP_C_UAID_E0D55EB58B9FC9A101_1610376666 Label:Grid_BP27 SpatiallyLoaded:1 Bounds:IsValid=true, Min=(X=870.000 Y=970.000 Z=-0.000), Max=(X=1030.000 Y=1130.000 Z=240.000) RuntimeGrid:None EditorOnly:0 RuntimeOnly:0 HLODRelevant:0
 |   |   |- [+] [ 44]
 |   |   |   |- Guid:F9E3B2FE41A7DFF34648BBADF44596D3 BaseClass:/Game/ThirdPerson/Blueprints/Grid_BP.Grid_BP_C NativeClass:/Script/ElementalEncounters.Grid Name:Grid_BP_C_UAID_E0D55EB58B9FC9A101_1608286661 Label:Grid_BP22 SpatiallyLoaded:1 Bounds:IsValid=true, Min=(X=970.000 Y=1070.000 Z=-0.000), Max=(X=1130.000 Y=1230.000 Z=240.000) RuntimeGrid:None EditorOnly:0 RuntimeOnly:0 HLODRelevant:0
 |   |   |- [+] [ 45]
 |   |   |   |- Guid:B23C247D4E34A96052E563A19E79FA75 BaseClass: NativeClass:/Script/Engine.ExponentialHeightFog Name:ExponentialHeightFog_1 Label:ExponentialHeightFog SpatiallyLoaded:0 Bounds:IsValid=true, Min=(X=-5600.000 Y=-50.000 Z=-6850.000), Max=(X=-5600.000 Y=-50.000 Z=-6850.000) RuntimeGrid:None EditorOnly:0 RuntimeOnly:0 HLODRelevant:0 FolderPath:Lighting FolderGuid:08A10B054C95868C663DE39EE4343813
 |   |   |- [+] [ 46]
 |   |   |   |- Guid:618B644D4E4983EC063FCF976138257B BaseClass:/Game/ThirdPerson/Blueprints/Grid_BP.Grid_BP_C NativeClass:/Script/ElementalEncounters.Grid Name:Grid_BP_C_UAID_E0D55EB58B9FC9A101_1610381669 Label:Grid_BP30 SpatiallyLoaded:1 Bounds:IsValid=true, Min=(X=870.000 Y=1270.000 Z=-0.000), Max=(X=1030.000 Y=1430.000 Z=240.000) RuntimeGrid:None EditorOnly:0 RuntimeOnly:0 HLODRelevant:0
 |   |   |- [+] [ 47]
 |   |   |   |- Guid:E742D68F403B8BDEE3CA7B883081A7DA BaseClass:/Game/ThirdPerson/Blueprints/Grid_BP.Grid_BP_C NativeClass:/Script/ElementalEncounters.Grid Name:Grid_BP_C_UAID_E0D55EB58B9FC9A101_1606246654 Label:Grid_BP15 SpatiallyLoaded:1 Bounds:IsValid=true, Min=(X=1070.000 Y=970.000 Z=-0.000), Max=(X=1230.000 Y=1130.000 Z=240.000) RuntimeGrid:None EditorOnly:0 RuntimeOnly:0 HLODRelevant:0
 |   |   |- [+] [ 48]
 |   |   |   |- Guid:ECF7DFF54DE28214A01D249B1B1CA773 BaseClass: NativeClass:/Script/Engine.StaticMeshActor Name:StaticMeshActor_42 Label:SM_Cube5 SpatiallyLoaded:1 Bounds:IsValid=true, Min=(X=-0.000 Y=100.000 Z=0.000), Max=(X=100.000 Y=3400.000 Z=400.000) RuntimeGrid:None EditorOnly:0 RuntimeOnly:0 HLODRelevant:1 FolderPath:Playground FolderGuid:8CD33C9A4E75AD59B95486AC740693D6
 |   |   |- [+] [ 49]
 |   |   |   |- Guid:79EC88B54618D0FED05689919DDF333D BaseClass:/Game/ThirdPerson/Blueprints/Grid_BP.Grid_BP_C NativeClass:/Script/ElementalEncounters.Grid Name:Grid_BP_C_UAID_E0D55EB58B9FC9A101_1612248670 Label:Grid_BP31 SpatiallyLoaded:1 Bounds:IsValid=true, Min=(X=770.000 Y=770.000 Z=-0.000), Max=(X=930.000 Y=930.000 Z=240.000) RuntimeGrid:None EditorOnly:0 RuntimeOnly:0 HLODRelevant:0
 |   |   |- [+] [ 50]
 |   |   |   |- Guid:8D1B4B7047A597C26E2B7F930132C799 BaseClass:/Game/ThirdPerson/Blueprints/Grid_BP.Grid_BP_C NativeClass:/Script/ElementalEncounters.Grid Name:Grid_BP_C_UAID_E0D55EB58B9FC9A101_1604370649 Label:Grid_BP10 SpatiallyLoaded:1 Bounds:IsValid=true, Min=(X=1170.000 Y=1070.000 Z=-0.000), Max=(X=1330.000 Y=1230.000 Z=240.000) RuntimeGrid:None EditorOnly:0 RuntimeOnly:0 HLODRelevant:0
 |   |   |- [+] [ 51]
 |   |   |   |- Guid:C726A3284B806D4C379405885740B688 BaseClass: NativeClass:/Script/Engine.PlayerStart Name:PlayerStart_0 Label:PlayerStart SpatiallyLoaded:0 Bounds:IsValid=true, Min=(X=860.000 Y=1230.000 Z=0.013), Max=(X=940.000 Y=1310.000 Z=184.013) RuntimeGrid:None EditorOnly:0 RuntimeOnly:0 HLODRelevant:0
 |   |   |- [+] [ 52]
 |   |   |   |- Guid:EA664199490A6274B68EDFB5D8DF5144 BaseClass:/Game/ThirdPerson/Blueprints/Grid_BP.Grid_BP_C NativeClass:/Script/ElementalEncounters.Grid Name:Grid_BP_C_UAID_E0D55EB58B9FC9A101_1576471639 Label:Grid_BP SpatiallyLoaded:1 Bounds:IsValid=true, Min=(X=1270.000 Y=770.000 Z=-0.000), Max=(X=1430.000 Y=930.000 Z=240.000) RuntimeGrid:None EditorOnly:0 RuntimeOnly:0 HLODRelevant:0
 |   |   |- [+] [ 53]
 |   |   |   |- Guid:33B5E367422F59C6B62518915ACC75F8 BaseClass:/Game/ThirdPerson/Blueprints/Grid_BP.Grid_BP_C NativeClass:/Script/ElementalEncounters.Grid Name:Grid_BP_C_UAID_E0D55EB58B9FC9A101_1606250656 Label:Grid_BP17 SpatiallyLoaded:1 Bounds:IsValid=true, Min=(X=1070.000 Y=1170.000 Z=-0.000), Max=(X=1230.000 Y=1330.000 Z=240.000) RuntimeGrid:None EditorOnly:0 RuntimeOnly:0 HLODRelevant:0
 |   |   |- [+] [ 54]
 |   |   |   |- Guid:2D9DA9D14C8BBC3A7C85B1BBF2E44064 BaseClass:/Game/ThirdPerson/Blueprints/Grid_BP.Grid_BP_C NativeClass:/Script/ElementalEncounters.Grid Name:Grid_BP_C_UAID_E0D55EB58B9FC9A101_1588971642 Label:Grid_BP4 SpatiallyLoaded:1 Bounds:IsValid=true, Min=(X=1270.000 Y=1070.000 Z=-0.000), Max=(X=1430.000 Y=1230.000 Z=240.000) RuntimeGrid:None EditorOnly:0 RuntimeOnly:0 HLODRelevant:0
 |   |   |- [+] [ 55]
 |   |   |   |- Guid:EF2D62E9468BFB6CC45A46B232DA99C9 BaseClass:/Game/ThirdPerson/Blueprints/Grid_BP.Grid_BP_C NativeClass:/Script/ElementalEncounters.Grid Name:Grid_BP_C_UAID_E0D55EB58B9FC9A101_1608285660 Label:Grid_BP21 SpatiallyLoaded:1 Bounds:IsValid=true, Min=(X=970.000 Y=970.000 Z=-0.000), Max=(X=1130.000 Y=1130.000 Z=240.000) RuntimeGrid:None EditorOnly:0 RuntimeOnly:0 HLODRelevant:0
 |   |   |- [+] [ 56]
 |   |   |   |- Guid:34936AE843721B8AF1CF9292D32BA25A BaseClass:/Game/ThirdPerson/Blueprints/Grid_BP.Grid_BP_C NativeClass:/Script/ElementalEncounters.Grid Name:Grid_BP_C_UAID_E0D55EB58B9FC9A101_1606241652 Label:Grid_BP13 SpatiallyLoaded:1 Bounds:IsValid=true, Min=(X=1070.000 Y=770.000 Z=-0.000), Max=(X=1230.000 Y=930.000 Z=240.000) RuntimeGrid:None EditorOnly:0 RuntimeOnly:0 HLODRelevant:0
 |   |   |- [+] [ 57]
 |   |   |   |- Guid:090EF8E8476659BE37BDCFBAC41670B1 BaseClass:/Game/ThirdPerson/Blueprints/Grid_BP.Grid_BP_C NativeClass:/Script/ElementalEncounters.Grid Name:Grid_BP_C_UAID_E0D55EB58B9FC9A101_1608288662 Label:Grid_BP23 SpatiallyLoaded:1 Bounds:IsValid=true, Min=(X=970.000 Y=1170.000 Z=-0.000), Max=(X=1130.000 Y=1330.000 Z=240.000) RuntimeGrid:None EditorOnly:0 RuntimeOnly:0 HLODRelevant:0
 |   |   |- [+] [ 58]
 |   |   |   |- Guid:4D677F274A8C3C207500CDA04B0C2043 BaseClass:/Game/ThirdPerson/Blueprints/Enemy_BP.Enemy_BP_C NativeClass:/Script/ElementalEncounters.Enemy Name:Enemy_BP_C_UAID_E0D55EB58B9F05A201_1803853112 Label:Enemy_BP SpatiallyLoaded:1 Bounds:IsValid=true, Min=(X=1576.000 Y=1176.000 Z=0.000), Max=(X=1644.000 Y=1244.000 Z=176.000) RuntimeGrid:None EditorOnly:0 RuntimeOnly:0 HLODRelevant:0
 |   |   |- [+] [ 59]
 |   |   |   |- Guid:2E33DFC64724C4753437ED8BB0387E05 BaseClass:/Game/ThirdPerson/Blueprints/Enemy_BP.Enemy_BP_C NativeClass:/Script/ElementalEncounters.Enemy Name:Enemy_BP_C_UAID_E0D55EB58B9F05A201_2082955114 Label:Enemy_BP3 SpatiallyLoaded:1 Bounds:IsValid=true, Min=(X=1786.000 Y=906.000 Z=0.000), Max=(X=1854.000 Y=974.000 Z=176.000) RuntimeGrid:None EditorOnly:0 RuntimeOnly:0 HLODRelevant:0
 |   |   |- [+] [ 60]
 |   |   |   |- Guid:CC219ED045E0125ABEB0FAA53A6B986B BaseClass:/Game/ThirdPerson/Blueprints/Enemy_BP.Enemy_BP_C NativeClass:/Script/ElementalEncounters.Enemy Name:Enemy_BP_C_UAID_E0D55EB58B9F05A201_2048751113 Label:Enemy_BP2 SpatiallyLoaded:1 Bounds:IsValid=true, Min=(X=1656.000 Y=906.000 Z=0.000), Max=(X=1724.000 Y=974.000 Z=176.000) RuntimeGrid:None EditorOnly:0 RuntimeOnly:0 HLODRelevant:0
 |- ContainerInstances:
 |- [+] MainContainer:
 |   |-        ID: 0x0000000000000000
 |   |-    Bounds: IsValid=false, Min=(X=0.000 Y=0.000 Z=0.000), Max=(X=0.000 Y=0.000 Z=0.000)
 |   |- Transform: 0.000000,0.000000,0.000000|0.000000,0.000000,-0.000000|1.000000,1.000000,1.000000
 |   |- Container: /Game/ThirdPerson/Maps/ThirdPersonMap
----------------------------------------------------------------------------------------------------------------
ThirdPersonMap - Persistent Level
----------------------------------------------------------------------------------------------------------------
Always loaded Actor Count: 69 

----------------------------------------------------------------------------------------------------------------
ThirdPersonMap - Runtime Spatial Hash - Streaming Grid - MainGrid
----------------------------------------------------------------------------------------------------------------
            Origin: X=0.000 Y=0.000 Z=0.000
         Cell Size: 12800
      World Bounds: IsValid=false, Min=(X=0.000 Y=0.000 Z=0.000), Max=(X=0.000 Y=0.000 Z=0.000)
     Loading Range: 25600.00
Block Slow Loading: No
 ClientOnlyVisible: No

[+] Grid Levels: 1
 |- Level  0: Cell Count    0 | Cell Size   12800 | Actor Count    0 (0.0%)

[+] Content of Grid Level 0

